==36296== Memcheck, a memory error detector
==36296== Copyright (C) 2002-2011, and GNU GPL'd, by Julian Seward et al.
==36296== Using Valgrind-3.7.0 and LibVEX; rerun with -h for copyright info
==36296== Command: ./verifier.o sads_params_k32_n128.dat sads_input.dat membership 7
==36296== Parent PID: 13004
==36296== 
==36296== 
==36296== HEAP SUMMARY:
==36296==     in use at exit: 257,008 bytes in 915 blocks
==36296==   total heap usage: 4,943 allocs, 4,028 frees, 5,592,928 bytes allocated
==36296== 
==36296== 1,008 bytes in 1 blocks are possibly lost in loss record 15 of 21
==36296==    at 0x4C29BE8: memalign (in /usr/lib/valgrind/vgpreload_memcheck-amd64-linux.so)
==36296==    by 0x4C29C97: posix_memalign (in /usr/lib/valgrind/vgpreload_memcheck-amd64-linux.so)
==36296==    by 0x4E4C0C9: ??? (in /lib/x86_64-linux-gnu/libglib-2.0.so.0.3200.3)
==36296==    by 0x4E930C8: g_slice_alloc (in /lib/x86_64-linux-gnu/libglib-2.0.so.0.3200.3)
==36296==    by 0x4E69A02: g_hash_table_new_full (in /lib/x86_64-linux-gnu/libglib-2.0.so.0.3200.3)
==36296==    by 0x40178D: verify_membership_proof (verifier.c:118)
==36296==    by 0x40237F: run_membership_test (verifier.c:564)
==36296==    by 0x401333: main (verifier.c:655)
==36296== 
==36296== 1,008 bytes in 1 blocks are possibly lost in loss record 16 of 21
==36296==    at 0x4C29BE8: memalign (in /usr/lib/valgrind/vgpreload_memcheck-amd64-linux.so)
==36296==    by 0x4C29C97: posix_memalign (in /usr/lib/valgrind/vgpreload_memcheck-amd64-linux.so)
==36296==    by 0x4E4C0C9: ??? (in /lib/x86_64-linux-gnu/libglib-2.0.so.0.3200.3)
==36296==    by 0x4E930F3: g_slice_alloc (in /lib/x86_64-linux-gnu/libglib-2.0.so.0.3200.3)
==36296==    by 0x4E69A02: g_hash_table_new_full (in /lib/x86_64-linux-gnu/libglib-2.0.so.0.3200.3)
==36296==    by 0x40178D: verify_membership_proof (verifier.c:118)
==36296==    by 0x40237F: run_membership_test (verifier.c:564)
==36296==    by 0x401333: main (verifier.c:655)
==36296== 
==36296== 1,792 bytes in 448 blocks are definitely lost in loss record 17 of 21
==36296==    at 0x4C2B6CD: malloc (in /usr/lib/valgrind/vgpreload_memcheck-amd64-linux.so)
==36296==    by 0x4E7FA78: g_malloc (in /lib/x86_64-linux-gnu/libglib-2.0.so.0.3200.3)
==36296==    by 0x4E94337: g_memdup (in /lib/x86_64-linux-gnu/libglib-2.0.so.0.3200.3)
==36296==    by 0x4017AE: verify_membership_proof (verifier.c:125)
==36296==    by 0x40237F: run_membership_test (verifier.c:564)
==36296==    by 0x401333: main (verifier.c:655)
==36296== 
==36296== 3,584 bytes in 448 blocks are definitely lost in loss record 19 of 21
==36296==    at 0x4C2B6CD: malloc (in /usr/lib/valgrind/vgpreload_memcheck-amd64-linux.so)
==36296==    by 0x4E7FA78: g_malloc (in /lib/x86_64-linux-gnu/libglib-2.0.so.0.3200.3)
==36296==    by 0x4E94337: g_memdup (in /lib/x86_64-linux-gnu/libglib-2.0.so.0.3200.3)
==36296==    by 0x4017C7: verify_membership_proof (verifier.c:125)
==36296==    by 0x40237F: run_membership_test (verifier.c:564)
==36296==    by 0x401333: main (verifier.c:655)
==36296== 
==36296== LEAK SUMMARY:
==36296==    definitely lost: 5,376 bytes in 896 blocks
==36296==    indirectly lost: 0 bytes in 0 blocks
==36296==      possibly lost: 2,016 bytes in 2 blocks
==36296==    still reachable: 249,616 bytes in 17 blocks
==36296==         suppressed: 0 bytes in 0 blocks
==36296== Reachable blocks (those to which a pointer was found) are not shown.
==36296== To see them, rerun with: --leak-check=full --show-reachable=yes
==36296== 
==36296== For counts of detected and suppressed errors, rerun with: -v
==36296== ERROR SUMMARY: 4 errors from 4 contexts (suppressed: 2 from 2)
