SADS Prover
get_initial_digest(0)
IP conversion: 10.99.0.3 -> 4469227523
IP conversion: 192.168.0.103 -> 7527202919
IP conversion: 10.99.0.3 -> 4469227523
Benchmark Test(Membership Query): num_nodes(3)
update start
get_initial_digest(1)
get_binary_representation
encode_vector: 10304, 10304
update_leaf: add a new leaf(4469227523)
update_path_labels(2, 4469227523)
update_partial_label(): nodeid(2), wrt_nodeid(4469227523), bit_shift(31)
update_partial_label(): nodeid(4), wrt_nodeid(4469227523), bit_shift(30)
update_partial_label(): nodeid(8), wrt_nodeid(4469227523), bit_shift(29)
update_partial_label(): nodeid(16), wrt_nodeid(4469227523), bit_shift(28)
update_partial_label(): nodeid(33), wrt_nodeid(4469227523), bit_shift(27)
update_partial_label(): nodeid(66), wrt_nodeid(4469227523), bit_shift(26)
update_partial_label(): nodeid(133), wrt_nodeid(4469227523), bit_shift(25)
update_partial_label(): nodeid(266), wrt_nodeid(4469227523), bit_shift(24)
update_partial_label(): nodeid(532), wrt_nodeid(4469227523), bit_shift(23)
update_partial_label(): nodeid(1065), wrt_nodeid(4469227523), bit_shift(22)
update_partial_label(): nodeid(2131), wrt_nodeid(4469227523), bit_shift(21)
update_partial_label(): nodeid(4262), wrt_nodeid(4469227523), bit_shift(20)
update_partial_label(): nodeid(8524), wrt_nodeid(4469227523), bit_shift(19)
update_partial_label(): nodeid(17048), wrt_nodeid(4469227523), bit_shift(18)
update_partial_label(): nodeid(34097), wrt_nodeid(4469227523), bit_shift(17)
update_partial_label(): nodeid(68195), wrt_nodeid(4469227523), bit_shift(16)
update_partial_label(): nodeid(136390), wrt_nodeid(4469227523), bit_shift(15)
update_partial_label(): nodeid(272780), wrt_nodeid(4469227523), bit_shift(14)
update_partial_label(): nodeid(545560), wrt_nodeid(4469227523), bit_shift(13)
update_partial_label(): nodeid(1091120), wrt_nodeid(4469227523), bit_shift(12)
update_partial_label(): nodeid(2182240), wrt_nodeid(4469227523), bit_shift(11)
update_partial_label(): nodeid(4364480), wrt_nodeid(4469227523), bit_shift(10)
update_partial_label(): nodeid(8728960), wrt_nodeid(4469227523), bit_shift(9)
update_partial_label(): nodeid(17457920), wrt_nodeid(4469227523), bit_shift(8)
update_partial_label(): nodeid(34915840), wrt_nodeid(4469227523), bit_shift(7)
update_partial_label(): nodeid(69831680), wrt_nodeid(4469227523), bit_shift(6)
update_partial_label(): nodeid(139663360), wrt_nodeid(4469227523), bit_shift(5)
update_partial_label(): nodeid(279326720), wrt_nodeid(4469227523), bit_shift(4)
update_partial_label(): nodeid(558653440), wrt_nodeid(4469227523), bit_shift(3)
update_partial_label(): nodeid(1117306880), wrt_nodeid(4469227523), bit_shift(2)
update_partial_label(): nodeid(2234613761), wrt_nodeid(4469227523), bit_shift(1)
update_partial_label(): nodeid(4469227523), wrt_nodeid(4469227523), bit_shift(0)
Reached a leaf node
get_initial_digest(1)
get_binary_representation
mod_q
get_binary_representation
update_node_label(): nodeid(2234613761)
encode_vector: 10304, 10304
mod_q
get_binary_representation
update_node_label(): nodeid(1117306880)
encode_vector: 10304, 10304
mod_q
get_binary_representation
update_node_label(): nodeid(558653440)
encode_vector: 10304, 10304
mod_q
get_binary_representation
update_node_label(): nodeid(279326720)
encode_vector: 10304, 10304
mod_q
get_binary_representation
update_node_label(): nodeid(139663360)
encode_vector: 10304, 10304
mod_q
get_binary_representation
update_node_label(): nodeid(69831680)
encode_vector: 10304, 10304
mod_q
get_binary_representation
update_node_label(): nodeid(34915840)
encode_vector: 10304, 10304
mod_q
get_binary_representation
update_node_label(): nodeid(17457920)
encode_vector: 10304, 10304
mod_q
get_binary_representation
update_node_label(): nodeid(8728960)
encode_vector: 10304, 10304
mod_q
get_binary_representation
update_node_label(): nodeid(4364480)
encode_vector: 10304, 10304
mod_q
get_binary_representation
update_node_label(): nodeid(2182240)
encode_vector: 10304, 10304
mod_q
get_binary_representation
update_node_label(): nodeid(1091120)
encode_vector: 10304, 10304
mod_q
get_binary_representation
update_node_label(): nodeid(545560)
encode_vector: 10304, 10304
mod_q
get_binary_representation
update_node_label(): nodeid(272780)
encode_vector: 10304, 10304
mod_q
get_binary_representation
update_node_label(): nodeid(136390)
encode_vector: 10304, 10304
mod_q
get_binary_representation
update_node_label(): nodeid(68195)
encode_vector: 10304, 10304
mod_q
get_binary_representation
update_node_label(): nodeid(34097)
encode_vector: 10304, 10304
mod_q
get_binary_representation
update_node_label(): nodeid(17048)
encode_vector: 10304, 10304
mod_q
get_binary_representation
update_node_label(): nodeid(8524)
encode_vector: 10304, 10304
mod_q
get_binary_representation
update_node_label(): nodeid(4262)
encode_vector: 10304, 10304
mod_q
get_binary_representation
update_node_label(): nodeid(2131)
encode_vector: 10304, 10304
mod_q
get_binary_representation
update_node_label(): nodeid(1065)
encode_vector: 10304, 10304
mod_q
get_binary_representation
update_node_label(): nodeid(532)
encode_vector: 10304, 10304
mod_q
get_binary_representation
update_node_label(): nodeid(266)
encode_vector: 10304, 10304
mod_q
get_binary_representation
update_node_label(): nodeid(133)
encode_vector: 10304, 10304
mod_q
get_binary_representation
update_node_label(): nodeid(66)
encode_vector: 10304, 10304
mod_q
get_binary_representation
update_node_label(): nodeid(33)
encode_vector: 10304, 10304
mod_q
get_binary_representation
update_node_label(): nodeid(16)
encode_vector: 10304, 10304
mod_q
get_binary_representation
update_node_label(): nodeid(8)
encode_vector: 10304, 10304
mod_q
get_binary_representation
update_node_label(): nodeid(4)
encode_vector: 10304, 10304
mod_q
get_binary_representation
update_node_label(): nodeid(2)
encode_vector: 10304, 10304
get_initial_digest(1)
get_binary_representation
encode_vector: 10304, 10304
update_leaf: add a new leaf(7527202919)
update_path_labels(3, 7527202919)
update_partial_label(): nodeid(3), wrt_nodeid(7527202919), bit_shift(31)
update_partial_label(): nodeid(7), wrt_nodeid(7527202919), bit_shift(30)
update_partial_label(): nodeid(14), wrt_nodeid(7527202919), bit_shift(29)
update_partial_label(): nodeid(28), wrt_nodeid(7527202919), bit_shift(28)
update_partial_label(): nodeid(56), wrt_nodeid(7527202919), bit_shift(27)
update_partial_label(): nodeid(112), wrt_nodeid(7527202919), bit_shift(26)
update_partial_label(): nodeid(224), wrt_nodeid(7527202919), bit_shift(25)
update_partial_label(): nodeid(448), wrt_nodeid(7527202919), bit_shift(24)
update_partial_label(): nodeid(897), wrt_nodeid(7527202919), bit_shift(23)
update_partial_label(): nodeid(1794), wrt_nodeid(7527202919), bit_shift(22)
update_partial_label(): nodeid(3589), wrt_nodeid(7527202919), bit_shift(21)
update_partial_label(): nodeid(7178), wrt_nodeid(7527202919), bit_shift(20)
update_partial_label(): nodeid(14357), wrt_nodeid(7527202919), bit_shift(19)
update_partial_label(): nodeid(28714), wrt_nodeid(7527202919), bit_shift(18)
update_partial_label(): nodeid(57428), wrt_nodeid(7527202919), bit_shift(17)
update_partial_label(): nodeid(114856), wrt_nodeid(7527202919), bit_shift(16)
update_partial_label(): nodeid(229712), wrt_nodeid(7527202919), bit_shift(15)
update_partial_label(): nodeid(459424), wrt_nodeid(7527202919), bit_shift(14)
update_partial_label(): nodeid(918848), wrt_nodeid(7527202919), bit_shift(13)
update_partial_label(): nodeid(1837696), wrt_nodeid(7527202919), bit_shift(12)
update_partial_label(): nodeid(3675392), wrt_nodeid(7527202919), bit_shift(11)
update_partial_label(): nodeid(7350784), wrt_nodeid(7527202919), bit_shift(10)
update_partial_label(): nodeid(14701568), wrt_nodeid(7527202919), bit_shift(9)
update_partial_label(): nodeid(29403136), wrt_nodeid(7527202919), bit_shift(8)
update_partial_label(): nodeid(58806272), wrt_nodeid(7527202919), bit_shift(7)
update_partial_label(): nodeid(117612545), wrt_nodeid(7527202919), bit_shift(6)
update_partial_label(): nodeid(235225091), wrt_nodeid(7527202919), bit_shift(5)
update_partial_label(): nodeid(470450182), wrt_nodeid(7527202919), bit_shift(4)
update_partial_label(): nodeid(940900364), wrt_nodeid(7527202919), bit_shift(3)
update_partial_label(): nodeid(1881800729), wrt_nodeid(7527202919), bit_shift(2)
update_partial_label(): nodeid(3763601459), wrt_nodeid(7527202919), bit_shift(1)
update_partial_label(): nodeid(7527202919), wrt_nodeid(7527202919), bit_shift(0)
Reached a leaf node
get_initial_digest(1)
get_binary_representation
mod_q
get_binary_representation
update_node_label(): nodeid(3763601459)
encode_vector: 10304, 10304
mod_q
get_binary_representation
update_node_label(): nodeid(1881800729)
encode_vector: 10304, 10304
mod_q
get_binary_representation
update_node_label(): nodeid(940900364)
encode_vector: 10304, 10304
mod_q
get_binary_representation
update_node_label(): nodeid(470450182)
encode_vector: 10304, 10304
mod_q
get_binary_representation
update_node_label(): nodeid(235225091)
encode_vector: 10304, 10304
mod_q
get_binary_representation
update_node_label(): nodeid(117612545)
encode_vector: 10304, 10304
mod_q
get_binary_representation
update_node_label(): nodeid(58806272)
encode_vector: 10304, 10304
mod_q
get_binary_representation
update_node_label(): nodeid(29403136)
encode_vector: 10304, 10304
mod_q
get_binary_representation
update_node_label(): nodeid(14701568)
encode_vector: 10304, 10304
mod_q
get_binary_representation
update_node_label(): nodeid(7350784)
encode_vector: 10304, 10304
mod_q
get_binary_representation
update_node_label(): nodeid(3675392)
encode_vector: 10304, 10304
mod_q
get_binary_representation
update_node_label(): nodeid(1837696)
encode_vector: 10304, 10304
mod_q
get_binary_representation
update_node_label(): nodeid(918848)
encode_vector: 10304, 10304
mod_q
get_binary_representation
update_node_label(): nodeid(459424)
encode_vector: 10304, 10304
mod_q
get_binary_representation
update_node_label(): nodeid(229712)
encode_vector: 10304, 10304
mod_q
get_binary_representation
update_node_label(): nodeid(114856)
encode_vector: 10304, 10304
mod_q
get_binary_representation
update_node_label(): nodeid(57428)
encode_vector: 10304, 10304
mod_q
get_binary_representation
update_node_label(): nodeid(28714)
encode_vector: 10304, 10304
mod_q
get_binary_representation
update_node_label(): nodeid(14357)
encode_vector: 10304, 10304
mod_q
get_binary_representation
update_node_label(): nodeid(7178)
encode_vector: 10304, 10304
mod_q
get_binary_representation
update_node_label(): nodeid(3589)
encode_vector: 10304, 10304
mod_q
get_binary_representation
update_node_label(): nodeid(1794)
encode_vector: 10304, 10304
mod_q
get_binary_representation
update_node_label(): nodeid(897)
encode_vector: 10304, 10304
mod_q
get_binary_representation
update_node_label(): nodeid(448)
encode_vector: 10304, 10304
mod_q
get_binary_representation
update_node_label(): nodeid(224)
encode_vector: 10304, 10304
mod_q
get_binary_representation
update_node_label(): nodeid(112)
encode_vector: 10304, 10304
mod_q
get_binary_representation
update_node_label(): nodeid(56)
encode_vector: 10304, 10304
mod_q
get_binary_representation
update_node_label(): nodeid(28)
encode_vector: 10304, 10304
mod_q
get_binary_representation
update_node_label(): nodeid(14)
encode_vector: 10304, 10304
mod_q
get_binary_representation
update_node_label(): nodeid(7)
encode_vector: 10304, 10304
mod_q
get_binary_representation
update_node_label(): nodeid(3)
encode_vector: 10304, 10304
get_initial_digest(1)
get_binary_representation
encode_vector: 10304, 10304
update_leaf: update a leaf(4469227523)
encode_vector: 10304, 10304
update_path_labels(2, 4469227523)
update_partial_label(): nodeid(2), wrt_nodeid(4469227523), bit_shift(31)
update_partial_label(): nodeid(4), wrt_nodeid(4469227523), bit_shift(30)
update_partial_label(): nodeid(8), wrt_nodeid(4469227523), bit_shift(29)
update_partial_label(): nodeid(16), wrt_nodeid(4469227523), bit_shift(28)
update_partial_label(): nodeid(33), wrt_nodeid(4469227523), bit_shift(27)
update_partial_label(): nodeid(66), wrt_nodeid(4469227523), bit_shift(26)
update_partial_label(): nodeid(133), wrt_nodeid(4469227523), bit_shift(25)
update_partial_label(): nodeid(266), wrt_nodeid(4469227523), bit_shift(24)
update_partial_label(): nodeid(532), wrt_nodeid(4469227523), bit_shift(23)
update_partial_label(): nodeid(1065), wrt_nodeid(4469227523), bit_shift(22)
update_partial_label(): nodeid(2131), wrt_nodeid(4469227523), bit_shift(21)
update_partial_label(): nodeid(4262), wrt_nodeid(4469227523), bit_shift(20)
update_partial_label(): nodeid(8524), wrt_nodeid(4469227523), bit_shift(19)
update_partial_label(): nodeid(17048), wrt_nodeid(4469227523), bit_shift(18)
update_partial_label(): nodeid(34097), wrt_nodeid(4469227523), bit_shift(17)
update_partial_label(): nodeid(68195), wrt_nodeid(4469227523), bit_shift(16)
update_partial_label(): nodeid(136390), wrt_nodeid(4469227523), bit_shift(15)
update_partial_label(): nodeid(272780), wrt_nodeid(4469227523), bit_shift(14)
update_partial_label(): nodeid(545560), wrt_nodeid(4469227523), bit_shift(13)
update_partial_label(): nodeid(1091120), wrt_nodeid(4469227523), bit_shift(12)
update_partial_label(): nodeid(2182240), wrt_nodeid(4469227523), bit_shift(11)
update_partial_label(): nodeid(4364480), wrt_nodeid(4469227523), bit_shift(10)
update_partial_label(): nodeid(8728960), wrt_nodeid(4469227523), bit_shift(9)
update_partial_label(): nodeid(17457920), wrt_nodeid(4469227523), bit_shift(8)
update_partial_label(): nodeid(34915840), wrt_nodeid(4469227523), bit_shift(7)
update_partial_label(): nodeid(69831680), wrt_nodeid(4469227523), bit_shift(6)
update_partial_label(): nodeid(139663360), wrt_nodeid(4469227523), bit_shift(5)
update_partial_label(): nodeid(279326720), wrt_nodeid(4469227523), bit_shift(4)
update_partial_label(): nodeid(558653440), wrt_nodeid(4469227523), bit_shift(3)
update_partial_label(): nodeid(1117306880), wrt_nodeid(4469227523), bit_shift(2)
update_partial_label(): nodeid(2234613761), wrt_nodeid(4469227523), bit_shift(1)
update_partial_label(): nodeid(4469227523), wrt_nodeid(4469227523), bit_shift(0)
Reached a leaf node
get_initial_digest(1)
get_binary_representation
mod_q
get_binary_representation
update_node_label(): nodeid(2234613761)
mod_q
encode_vector: 10304, 10304
mod_q
get_binary_representation
update_node_label(): nodeid(1117306880)
mod_q
encode_vector: 10304, 10304
mod_q
get_binary_representation
update_node_label(): nodeid(558653440)
mod_q
encode_vector: 10304, 10304
mod_q
get_binary_representation
update_node_label(): nodeid(279326720)
mod_q
encode_vector: 10304, 10304
mod_q
get_binary_representation
update_node_label(): nodeid(139663360)
mod_q
encode_vector: 10304, 10304
mod_q
get_binary_representation
update_node_label(): nodeid(69831680)
mod_q
encode_vector: 10304, 10304
mod_q
get_binary_representation
update_node_label(): nodeid(34915840)
mod_q
encode_vector: 10304, 10304
mod_q
get_binary_representation
update_node_label(): nodeid(17457920)
mod_q
encode_vector: 10304, 10304
mod_q
get_binary_representation
update_node_label(): nodeid(8728960)
mod_q
encode_vector: 10304, 10304
mod_q
get_binary_representation
update_node_label(): nodeid(4364480)
mod_q
encode_vector: 10304, 10304
mod_q
get_binary_representation
update_node_label(): nodeid(2182240)
mod_q
encode_vector: 10304, 10304
mod_q
get_binary_representation
update_node_label(): nodeid(1091120)
mod_q
encode_vector: 10304, 10304
mod_q
get_binary_representation
update_node_label(): nodeid(545560)
mod_q
encode_vector: 10304, 10304
mod_q
get_binary_representation
update_node_label(): nodeid(272780)
mod_q
encode_vector: 10304, 10304
mod_q
get_binary_representation
update_node_label(): nodeid(136390)
mod_q
encode_vector: 10304, 10304
mod_q
get_binary_representation
update_node_label(): nodeid(68195)
mod_q
encode_vector: 10304, 10304
mod_q
get_binary_representation
update_node_label(): nodeid(34097)
mod_q
encode_vector: 10304, 10304
mod_q
get_binary_representation
update_node_label(): nodeid(17048)
mod_q
encode_vector: 10304, 10304
mod_q
get_binary_representation
update_node_label(): nodeid(8524)
mod_q
encode_vector: 10304, 10304
mod_q
get_binary_representation
update_node_label(): nodeid(4262)
mod_q
encode_vector: 10304, 10304
mod_q
get_binary_representation
update_node_label(): nodeid(2131)
mod_q
encode_vector: 10304, 10304
mod_q
get_binary_representation
update_node_label(): nodeid(1065)
mod_q
encode_vector: 10304, 10304
mod_q
get_binary_representation
update_node_label(): nodeid(532)
mod_q
encode_vector: 10304, 10304
mod_q
get_binary_representation
update_node_label(): nodeid(266)
mod_q
encode_vector: 10304, 10304
mod_q
get_binary_representation
update_node_label(): nodeid(133)
mod_q
encode_vector: 10304, 10304
mod_q
get_binary_representation
update_node_label(): nodeid(66)
mod_q
encode_vector: 10304, 10304
mod_q
get_binary_representation
update_node_label(): nodeid(33)
mod_q
encode_vector: 10304, 10304
mod_q
get_binary_representation
update_node_label(): nodeid(16)
mod_q
encode_vector: 10304, 10304
mod_q
get_binary_representation
update_node_label(): nodeid(8)
mod_q
encode_vector: 10304, 10304
mod_q
get_binary_representation
update_node_label(): nodeid(4)
mod_q
encode_vector: 10304, 10304
mod_q
get_binary_representation
update_node_label(): nodeid(2)
mod_q
encode_vector: 10304, 10304
Total time = 0.005625 seconds
membership query start
process_membership_query(4469227523)
build_proof_path(4469227523).
write_membership_proof(0)
process_membership_query(7527202919)
build_proof_path(7527202919).
write_membership_proof(1)
process_membership_query(4469227523)
build_proof_path(4469227523).
write_membership_proof(2)
Total time = 0.006591 seconds
prover done
