This is pdfTeX, Version 3.1415926-1.40.10 (MiKTeX 2.8) (preloaded format=pdflatex 2011.9.7)  28 FEB 2013 10:05
entering extended mode
**D:/Research/Google*Analytics/doc/architecture.tex
("D:/Research/Google Analytics/doc/architecture.tex"
LaTeX2e <2009/09/24>
Babel <v3.8l> and hyphenation patterns for english, dumylang, nohyphenation, ge
rman, ngerman, german-x-2009-06-19, ngerman-x-2009-06-19, french, loaded.
! Undefined control sequence.
l.2 \section
            {Design}
? 
! Emergency stop.
l.2 \section
            {Design}
End of file on the terminal!

 
Here is how much of TeX's memory you used:
 7 strings out of 495285
 211 string characters out of 3179882
 45037 words of memory out of 3000000
 3306 multiletter control sequences out of 15000+200000
 3640 words of font info for 14 fonts, out of 3000000 for 9000
 14 hyphenation exceptions out of 8191
 5i,0n,1p,90b,8s stack positions out of 5000i,500n,10000p,200000b,50000s
!  ==> Fatal error occurred, no output PDF file produced!
