SADS Prover
Matrix dim: (32, 704)
update start
Self verification pass (3)
Self verification pass (3)
Self verification pass (3)
Self verification pass (3)
Self verification pass (3)
Self verification pass (3)
Self verification pass (3)
Self verification pass (3)
Self verification pass (3)
Self verification pass (3)
Self verification pass (3)
Self verification pass (3)
Self verification pass (3)
Self verification pass (3)
Self verification pass (3)
Self verification pass (3)
Self verification pass (3)
Self verification pass (3)
Self verification pass (3)
Self verification pass (3)
Self verification pass (3)
Self verification pass (3)
Self verification pass (3)
Self verification pass (3)
Self verification pass (3)
Self verification pass (3)
Self verification pass (3)
Self verification pass (3)
Self verification pass (3)
Self verification pass (3)
Self verification pass (3)
Self verification pass (3)
Self verification pass (3)
Self verification pass (3)
Self verification pass (3)
Self verification pass (3)
Self verification pass (3)
Self verification pass (3)
Self verification pass (3)
Self verification pass (3)
Self verification pass (3)
Self verification pass (3)
Self verification pass (3)
Self verification pass (3)
Self verification pass (3)
Self verification pass (3)
Self verification pass (3)
Self verification pass (3)
Self verification pass (3)
Self verification pass (3)
Self verification pass (3)
Self verification pass (3)
Self verification pass (3)
Self verification pass (3)
Self verification pass (3)
Self verification pass (3)
Self verification pass (3)
Self verification pass (3)
Self verification pass (3)
Self verification pass (3)
Self verification pass (3)
Self verification pass (3)
Self verification pass (3)
Self verification pass (3)
Self verification pass (3)
Self verification pass (3)
Self verification pass (3)
Self verification pass (3)
Self verification pass (3)
Self verification pass (3)
Self verification pass (3)
Self verification pass (3)
Self verification pass (3)
Self verification pass (3)
Self verification pass (3)
Self verification pass (3)
Self verification pass (3)
Self verification pass (3)
Self verification pass (3)
Self verification pass (3)
Self verification pass (3)
Self verification pass (3)
Self verification pass (3)
Self verification pass (3)
Self verification pass (3)
Self verification pass (3)
Self verification pass (3)
Self verification pass (3)
Self verification pass (3)
Self verification pass (3)
Self verification pass (3)
Self verification pass (3)
Self verification pass (3)
Self verification pass (3)
Self verification pass (3)
Self verification pass (3)
Self verification pass (3)
Self verification pass (3)
Self verification pass (3)
Self verification pass (3)
Self verification pass (3)
Self verification pass (3)
Self verification pass (3)
Self verification pass (3)
Self verification pass (3)
Self verification pass (3)
Self verification pass (3)
Self verification pass (3)
Self verification pass (3)
Self verification pass (3)
Self verification pass (3)
Self verification pass (3)
Self verification pass (3)
Self verification pass (3)
Self verification pass (3)
Self verification pass (3)
Self verification pass (3)
Self verification pass (3)
Self verification pass (3)
Self verification pass (3)
Self verification pass (3)
Self verification pass (3)
Self verification pass (3)
Self verification pass (3)
Self verification pass (3)
Self verification pass (3)
Self verification pass (3)
Self verification pass (3)
Self verification pass (3)
Self verification pass (3)
Self verification pass (3)
Self verification pass (3)
Self verification pass (3)
Self verification pass (3)
Self verification pass (3)
Self verification pass (3)
Self verification pass (3)
Self verification pass (3)
Self verification pass (3)
Self verification pass (3)
Self verification pass (3)
Self verification pass (3)
Self verification pass (3)
Self verification pass (3)
Self verification pass (3)
Self verification pass (3)
Self verification pass (3)
Self verification pass (3)
Self verification pass (3)
Self verification pass (3)
Self verification pass (3)
Self verification pass (3)
Self verification pass (3)
Self verification pass (3)
Self verification pass (3)
Self verification pass (3)
Self verification pass (3)
Self verification pass (3)
Self verification pass (3)
Self verification pass (3)
Self verification pass (3)
Self verification pass (3)
Self verification pass (3)
Self verification pass (3)
Self verification pass (3)
Self verification pass (3)
Self verification pass (3)
Self verification pass (3)
Self verification pass (3)
Self verification pass (3)
Self verification pass (3)
Self verification pass (3)
Self verification pass (3)
Self verification pass (3)
Self verification pass (3)
Self verification pass (3)
Self verification pass (3)
Self verification pass (3)
Self verification pass (3)
Self verification pass (3)
Self verification pass (3)
Self verification pass (3)
Self verification pass (3)
Self verification pass (3)
Self verification pass (3)
Self verification pass (3)
Self verification pass (3)
Self verification pass (3)
Self verification pass (3)
Self verification pass (3)
Self verification pass (3)
Self verification pass (3)
Self verification pass (3)
Self verification pass (3)
Self verification pass (3)
Self verification pass (3)
Self verification pass (3)
Self verification pass (3)
Self verification pass (3)
Self verification pass (3)
Self verification pass (3)
Self verification pass (3)
Self verification pass (3)
Self verification pass (3)
Self verification pass (3)
Self verification pass (3)
Self verification pass (3)
Self verification pass (3)
Self verification pass (3)
Self verification pass (3)
Self verification pass (3)
Self verification pass (3)
Self verification pass (3)
Self verification pass (3)
Self verification pass (3)
Self verification pass (3)
Self verification pass (3)
Self verification pass (3)
Self verification pass (3)
Self verification pass (3)
Self verification pass (3)
Self verification pass (3)
Self verification pass (3)
Self verification pass (3)
Self verification pass (3)
Self verification pass (3)
Self verification pass (3)
Self verification pass (3)
Self verification pass (3)
Self verification pass (3)
Self verification pass (3)
Self verification pass (3)
Self verification pass (3)
Self verification pass (3)
Self verification pass (3)
Self verification pass (3)
Self verification pass (3)
Self verification pass (3)
Self verification pass (3)
Self verification pass (3)
Self verification pass (3)
Self verification pass (3)
Self verification pass (3)
Self verification pass (3)
Self verification pass (3)
Self verification pass (3)
Self verification pass (3)
Self verification pass (3)
Self verification pass (3)
Self verification pass (3)
Self verification pass (3)
Self verification pass (3)
Self verification pass (3)
Self verification pass (3)
Self verification pass (3)
Self verification pass (3)
Self verification pass (3)
Self verification pass (3)
Self verification pass (3)
Self verification pass (3)
Self verification pass (3)
Self verification pass (3)
Self verification pass (3)
Self verification pass (3)
Self verification pass (3)
Self verification pass (3)
Self verification pass (3)
Self verification pass (3)
Self verification pass (3)
Self verification pass (3)
Self verification pass (3)
Self verification pass (3)
Self verification pass (3)
Self verification pass (3)
Self verification pass (3)
Self verification pass (3)
Self verification pass (3)
Self verification pass (3)
Self verification pass (3)
Self verification pass (3)
Self verification pass (3)
Self verification pass (3)
Self verification pass (3)
Self verification pass (3)
Self verification pass (3)
Self verification pass (3)
Self verification pass (3)
Self verification pass (3)
Self verification pass (3)
Self verification pass (3)
Self verification pass (3)
Self verification pass (3)
Self verification pass (3)
Self verification pass (3)
Self verification pass (3)
Self verification pass (3)
Self verification pass (3)
Self verification pass (3)
Self verification pass (3)
Self verification pass (3)
Self verification pass (3)
Self verification pass (3)
Self verification pass (3)
Self verification pass (3)
Self verification pass (3)
Self verification pass (3)
Self verification pass (3)
Self verification pass (3)
Self verification pass (3)
Self verification pass (3)
Self verification pass (3)
Self verification pass (3)
Self verification pass (3)
Self verification pass (3)
Self verification pass (3)
Self verification pass (3)
Self verification pass (3)
Self verification pass (3)
Self verification pass (3)
Self verification pass (3)
Self verification pass (3)
Self verification pass (3)
Self verification pass (3)
Self verification pass (3)
Self verification pass (3)
Self verification pass (3)
Self verification pass (3)
Self verification pass (3)
Self verification pass (3)
Self verification pass (3)
Self verification pass (3)
Self verification pass (3)
Self verification pass (3)
Self verification pass (3)
Self verification pass (3)
Self verification pass (3)
Self verification pass (3)
Self verification pass (3)
Self verification pass (3)
Self verification pass (3)
Self verification pass (3)
Self verification pass (3)
Self verification pass (3)
Self verification pass (3)
Self verification pass (3)
Self verification pass (3)
Self verification pass (3)
Self verification pass (3)
Self verification pass (3)
Self verification pass (3)
Self verification pass (3)
Self verification pass (3)
Self verification pass (3)
Self verification pass (3)
Self verification pass (3)
Self verification pass (3)
Self verification pass (3)
Self verification pass (3)
Self verification pass (3)
Self verification pass (3)
Self verification pass (3)
Self verification pass (3)
Self verification pass (3)
Self verification pass (3)
Self verification pass (3)
Self verification pass (3)
Self verification pass (3)
Self verification pass (3)
Self verification pass (3)
Self verification pass (3)
Self verification pass (3)
Self verification pass (3)
Self verification pass (3)
Self verification pass (3)
Self verification pass (3)
Self verification pass (3)
Self verification pass (3)
Self verification pass (3)
Self verification pass (3)
Self verification pass (3)
Self verification pass (3)
Self verification pass (3)
Self verification pass (3)
Self verification pass (3)
Self verification pass (3)
Self verification pass (3)
Self verification pass (3)
Self verification pass (3)
Self verification pass (3)
Self verification pass (3)
Self verification pass (3)
Self verification pass (3)
Self verification pass (3)
Self verification pass (3)
Self verification pass (3)
Self verification pass (3)
Self verification pass (3)
Self verification pass (3)
Self verification pass (3)
Self verification pass (3)
Self verification pass (3)
Self verification pass (3)
Self verification pass (3)
Self verification pass (3)
Self verification pass (3)
Self verification pass (3)
Self verification pass (3)
Self verification pass (3)
Self verification pass (3)
Self verification pass (3)
Self verification pass (3)
Self verification pass (3)
Self verification pass (3)
Self verification pass (3)
Self verification pass (3)
Self verification pass (3)
Self verification pass (3)
Self verification pass (3)
Self verification pass (3)
Self verification pass (3)
Self verification pass (3)
Self verification pass (3)
Self verification pass (3)
Self verification pass (3)
Self verification pass (3)
Self verification pass (3)
Self verification pass (3)
Self verification pass (3)
Self verification pass (3)
Self verification pass (3)
Self verification pass (3)
Self verification pass (3)
Self verification pass (3)
Self verification pass (3)
Self verification pass (3)
Self verification pass (3)
Self verification pass (3)
Self verification pass (3)
Self verification pass (3)
Self verification pass (3)
Self verification pass (3)
Self verification pass (3)
Self verification pass (3)
Self verification pass (3)
Self verification pass (3)
Self verification pass (3)
Self verification pass (3)
Self verification pass (3)
Self verification pass (3)
Self verification pass (3)
Self verification pass (3)
Self verification pass (3)
Self verification pass (3)
Self verification pass (3)
Self verification pass (3)
Self verification pass (3)
Self verification pass (3)
Self verification pass (3)
Self verification pass (3)
Self verification pass (3)
Self verification pass (3)
Self verification pass (3)
Self verification pass (3)
Self verification pass (3)
Self verification pass (3)
Self verification pass (3)
Self verification pass (3)
Self verification pass (3)
Self verification pass (3)
Self verification pass (3)
Self verification pass (3)
Self verification pass (3)
Self verification pass (3)
Self verification pass (3)
Self verification pass (3)
Self verification pass (3)
Self verification pass (3)
Self verification pass (3)
Self verification pass (3)
Self verification pass (3)
Self verification pass (3)
Self verification pass (3)
Self verification pass (3)
1000/10000 done.
Self verification pass (3)
Self verification pass (3)
Self verification pass (3)
Self verification pass (3)
Self verification pass (3)
Self verification pass (3)
Self verification pass (3)
Self verification pass (3)
Self verification pass (3)
Self verification pass (3)
Self verification pass (3)
Self verification pass (3)
Self verification pass (3)
Self verification pass (3)
Self verification pass (3)
Self verification pass (3)
Self verification pass (3)
Self verification pass (3)
Self verification pass (3)
Self verification pass (3)
Self verification pass (3)
Self verification pass (3)
Self verification pass (3)
Self verification pass (3)
Self verification pass (3)
Self verification pass (3)
Self verification pass (3)
Self verification pass (3)
Self verification pass (3)
Self verification pass (3)
Self verification pass (3)
Self verification pass (3)
Self verification pass (3)
Self verification pass (3)
Self verification pass (3)
Self verification pass (3)
Self verification pass (3)
Self verification pass (3)
Self verification pass (3)
Self verification pass (3)
Self verification pass (3)
Self verification pass (3)
Self verification pass (3)
Self verification pass (3)
Self verification pass (3)
Self verification pass (3)
Self verification pass (3)
Self verification pass (3)
Self verification pass (3)
Self verification pass (3)
Self verification pass (3)
Self verification pass (3)
Self verification pass (3)
Self verification pass (3)
Self verification pass (3)
Self verification pass (3)
Self verification pass (3)
Self verification pass (3)
Self verification pass (3)
Self verification pass (3)
Self verification pass (3)
Self verification pass (3)
Self verification pass (3)
Self verification pass (3)
Self verification pass (3)
Self verification pass (3)
Self verification pass (3)
Self verification pass (3)
Self verification pass (3)
Self verification pass (3)
Self verification pass (3)
Self verification pass (3)
Self verification pass (3)
Self verification pass (3)
Self verification pass (3)
Self verification pass (3)
Self verification pass (3)
Self verification pass (3)
Self verification pass (3)
Self verification pass (3)
Self verification pass (3)
Self verification pass (3)
Self verification pass (3)
Self verification pass (3)
Self verification pass (3)
Self verification pass (3)
Self verification pass (3)
Self verification pass (3)
Self verification pass (3)
Self verification pass (3)
Self verification pass (3)
Self verification pass (3)
Self verification pass (3)
Self verification pass (3)
Self verification pass (3)
Self verification pass (3)
Self verification pass (3)
Self verification pass (3)
Self verification pass (3)
Self verification pass (3)
Self verification pass (3)
Self verification pass (3)
Self verification pass (3)
Self verification pass (3)
Self verification pass (3)
Self verification pass (3)
Self verification pass (3)
Self verification pass (3)
Self verification pass (3)
Self verification pass (3)
Self verification pass (3)
Self verification pass (3)
Self verification pass (3)
Self verification pass (3)
Self verification pass (3)
Self verification pass (3)
Self verification pass (3)
Self verification pass (3)
Self verification pass (3)
Self verification pass (3)
Self verification pass (3)
Self verification pass (3)
Self verification pass (3)
Self verification pass (3)
Self verification pass (3)
Self verification pass (3)
Self verification pass (3)
Self verification pass (3)
Self verification pass (3)
Self verification pass (3)
Self verification pass (3)
Self verification pass (3)
Self verification pass (3)
Self verification pass (3)
Self verification pass (3)
Self verification pass (3)
Self verification pass (3)
Self verification pass (3)
Self verification pass (3)
Self verification pass (3)
Self verification pass (3)
Self verification pass (3)
Self verification pass (3)
Self verification pass (3)
Self verification pass (3)
Self verification pass (3)
Self verification pass (3)
Self verification pass (3)
Self verification pass (3)
Self verification pass (3)
Self verification pass (3)
Self verification pass (3)
Self verification pass (3)
Self verification pass (3)
Self verification pass (3)
Self verification pass (3)
Self verification pass (3)
Self verification pass (3)
Self verification pass (3)
Self verification pass (3)
Self verification pass (3)
Self verification pass (3)
Self verification pass (3)
Self verification pass (3)
Self verification pass (3)
Self verification pass (3)
Self verification pass (3)
Self verification pass (3)
Self verification pass (3)
Self verification pass (3)
Self verification pass (3)
Self verification pass (3)
Self verification pass (3)
Self verification pass (3)
Self verification pass (3)
Self verification pass (3)
Self verification pass (3)
Self verification pass (3)
Self verification pass (3)
Self verification pass (3)
Self verification pass (3)
Self verification pass (3)
Self verification pass (3)
Self verification pass (3)
Self verification pass (3)
Self verification pass (3)
Self verification pass (3)
Self verification pass (3)
Self verification pass (3)
Self verification pass (3)
Self verification pass (3)
Self verification pass (3)
Self verification pass (3)
Self verification pass (3)
Self verification pass (3)
Self verification pass (3)
Self verification pass (3)
Self verification pass (3)
Self verification pass (3)
Self verification pass (3)
Self verification pass (3)
Self verification pass (3)
Self verification pass (3)
Self verification pass (3)
Self verification pass (3)
Self verification pass (3)
Self verification pass (3)
Self verification pass (3)
Self verification pass (3)
Self verification pass (3)
Self verification pass (3)
Self verification pass (3)
Self verification pass (3)
Self verification pass (3)
Self verification pass (3)
Self verification pass (3)
Self verification pass (3)
Self verification pass (3)
Self verification pass (3)
Self verification pass (3)
Self verification pass (3)
Self verification pass (3)
Self verification pass (3)
Self verification pass (3)
Self verification pass (3)
Self verification pass (3)
Self verification pass (3)
Self verification pass (3)
Self verification pass (3)
Self verification pass (3)
Self verification pass (3)
Self verification pass (3)
Self verification pass (3)
Self verification pass (3)
Self verification pass (3)
Self verification pass (3)
Self verification pass (3)
Self verification pass (3)
Self verification pass (3)
Self verification pass (3)
Self verification pass (3)
Self verification pass (3)
Self verification pass (3)
Self verification pass (3)
Self verification pass (3)
Self verification pass (3)
Self verification pass (3)
Self verification pass (3)
Self verification pass (3)
Self verification pass (3)
Self verification pass (3)
Self verification pass (3)
Self verification pass (3)
Self verification pass (3)
Self verification pass (3)
Self verification pass (3)
Self verification pass (3)
Self verification pass (3)
Self verification pass (3)
Self verification pass (3)
Self verification pass (3)
Self verification pass (3)
Self verification pass (3)
Self verification pass (3)
Self verification pass (3)
Self verification pass (3)
Self verification pass (3)
Self verification pass (3)
Self verification pass (3)
Self verification pass (3)
Self verification pass (3)
Self verification pass (3)
Self verification pass (3)
Self verification pass (3)
Self verification pass (3)
Self verification pass (3)
Self verification pass (3)
Self verification pass (3)
Self verification pass (3)
Self verification pass (3)
Self verification pass (3)
Self verification pass (3)
Self verification pass (3)
Self verification pass (3)
Self verification pass (3)
Self verification pass (3)
Self verification pass (3)
Self verification pass (3)
Self verification pass (3)
Self verification pass (3)
Self verification pass (3)
Self verification pass (3)
Self verification pass (3)
Self verification pass (3)
Self verification pass (3)
Self verification pass (3)
Self verification pass (3)
Self verification pass (3)
Self verification pass (3)
Self verification pass (3)
Self verification pass (3)
Self verification pass (3)
Self verification pass (3)
Self verification pass (3)
Self verification pass (3)
Self verification pass (3)
Self verification pass (3)
Self verification pass (3)
Self verification pass (3)
Self verification pass (3)
Self verification pass (3)
Self verification pass (3)
Self verification pass (3)
Self verification pass (3)
Self verification pass (3)
Self verification pass (3)
Self verification pass (3)
Self verification pass (3)
Self verification pass (3)
Self verification pass (3)
Self verification pass (3)
Self verification pass (3)
Self verification pass (3)
Self verification pass (3)
Self verification pass (3)
Self verification pass (3)
Self verification pass (3)
Self verification pass (3)
Self verification pass (3)
Self verification pass (3)
Self verification pass (3)
Self verification pass (3)
Self verification pass (3)
Self verification pass (3)
Self verification pass (3)
Self verification pass (3)
Self verification pass (3)
Self verification pass (3)
Self verification pass (3)
Self verification pass (3)
Self verification pass (3)
Self verification pass (3)
Self verification pass (3)
Self verification pass (3)
Self verification pass (3)
Self verification pass (3)
Self verification pass (3)
Self verification pass (3)
Self verification pass (3)
Self verification pass (3)
Self verification pass (3)
Self verification pass (3)
Self verification pass (3)
Self verification pass (3)
Self verification pass (3)
Self verification pass (3)
Self verification pass (3)
Self verification pass (3)
Self verification pass (3)
Self verification pass (3)
Self verification pass (3)
Self verification pass (3)
Self verification pass (3)
Self verification pass (3)
Self verification pass (3)
Self verification pass (3)
Self verification pass (3)
Self verification pass (3)
Self verification pass (3)
Self verification pass (3)
Self verification pass (3)
Self verification pass (3)
Self verification pass (3)
Self verification pass (3)
Self verification pass (3)
Self verification pass (3)
Self verification pass (3)
Self verification pass (3)
Self verification pass (3)
Self verification pass (3)
Self verification pass (3)
Self verification pass (3)
Self verification pass (3)
Self verification pass (3)
Self verification pass (3)
Self verification pass (3)
Self verification pass (3)
Self verification pass (3)
Self verification pass (3)
Self verification pass (3)
Self verification pass (3)
Self verification pass (3)
Self verification pass (3)
Self verification pass (3)
Self verification pass (3)
Self verification pass (3)
Self verification pass (3)
Self verification pass (3)
Self verification pass (3)
Self verification pass (3)
Self verification pass (3)
Self verification pass (3)
Self verification pass (3)
Self verification pass (3)
Self verification pass (3)
Self verification pass (3)
Self verification pass (3)
Self verification pass (3)
Self verification pass (3)
Self verification pass (3)
Self verification pass (3)
Self verification pass (3)
Self verification pass (3)
Self verification pass (3)
Self verification pass (3)
Self verification pass (3)
Self verification pass (3)
Self verification pass (3)
Self verification pass (3)
Self verification pass (3)
Self verification pass (3)
Self verification pass (3)
Self verification pass (3)
Self verification pass (3)
Self verification pass (3)
Self verification pass (3)
Self verification pass (3)
Self verification pass (3)
Self verification pass (3)
Self verification pass (3)
Self verification pass (3)
Self verification pass (3)
Self verification pass (3)
Self verification pass (3)
Self verification pass (3)
Self verification pass (3)
Self verification pass (3)
Self verification pass (3)
Self verification pass (3)
Self verification pass (3)
Self verification pass (3)
Self verification pass (3)
Self verification pass (3)
Self verification pass (3)
Self verification pass (3)
Self verification pass (3)
Self verification pass (3)
Self verification pass (3)
Self verification pass (3)
Self verification pass (3)
Self verification pass (3)
Self verification pass (3)
Self verification pass (3)
Self verification pass (3)
Self verification pass (3)
Self verification pass (3)
Self verification pass (3)
Self verification pass (3)
Self verification pass (3)
Self verification pass (3)
Self verification pass (3)
Self verification pass (3)
Self verification pass (3)
Self verification pass (3)
Self verification pass (3)
Self verification pass (3)
Self verification pass (3)
Self verification pass (3)
Self verification pass (3)
Self verification pass (3)
Self verification pass (3)
Self verification pass (3)
Self verification pass (3)
Self verification pass (3)
Self verification pass (3)
Self verification pass (3)
Self verification pass (3)
Self verification pass (3)
Self verification pass (3)
Self verification pass (3)
Self verification pass (3)
Self verification pass (3)
Self verification pass (3)
Self verification pass (3)
Self verification pass (3)
Self verification pass (3)
Self verification pass (3)
Self verification pass (3)
Self verification pass (3)
Self verification pass (3)
Self verification pass (3)
Self verification pass (3)
Self verification pass (3)
Self verification pass (3)
2000/10000 done.
Self verification pass (3)
Self verification pass (3)
Self verification pass (3)
Self verification pass (3)
Self verification pass (3)
Self verification pass (3)
Self verification pass (3)
Self verification pass (3)
Self verification pass (3)
Self verification pass (3)
Self verification pass (3)
Self verification pass (3)
Self verification pass (3)
Self verification pass (3)
Self verification pass (3)
Self verification pass (3)
Self verification pass (3)
Self verification pass (3)
Self verification pass (3)
Self verification pass (3)
Self verification pass (3)
Self verification pass (3)
Self verification pass (3)
Self verification pass (3)
Self verification pass (3)
Self verification pass (3)
Self verification pass (3)
Self verification pass (3)
Self verification pass (3)
Self verification pass (3)
Self verification pass (3)
Self verification pass (3)
Self verification pass (3)
Self verification pass (3)
Self verification pass (3)
Self verification pass (3)
Self verification pass (3)
Self verification pass (3)
Self verification pass (3)
Self verification pass (3)
Self verification pass (3)
Self verification pass (3)
Self verification pass (3)
Self verification pass (3)
Self verification pass (3)
Self verification pass (3)
Self verification pass (3)
Self verification pass (3)
Self verification pass (3)
Self verification pass (3)
Self verification pass (3)
Self verification pass (3)
Self verification pass (3)
Self verification pass (3)
Self verification pass (3)
Self verification pass (3)
Self verification pass (3)
Self verification pass (3)
Self verification pass (3)
Self verification pass (3)
Self verification pass (3)
Self verification pass (3)
Self verification pass (3)
Self verification pass (3)
Self verification pass (3)
Self verification pass (3)
Self verification pass (3)
Self verification pass (3)
Self verification pass (3)
Self verification pass (3)
Self verification pass (3)
Self verification pass (3)
Self verification pass (3)
Self verification pass (3)
Self verification pass (3)
Self verification pass (3)
Self verification pass (3)
Self verification pass (3)
Self verification pass (3)
Self verification pass (3)
Self verification pass (3)
Self verification pass (3)
Self verification pass (3)
Self verification pass (3)
Self verification pass (3)
Self verification pass (3)
Self verification pass (3)
Self verification pass (3)
Self verification pass (3)
Self verification pass (3)
Self verification pass (3)
Self verification pass (3)
Self verification pass (3)
Self verification pass (3)
Self verification pass (3)
Self verification pass (3)
Self verification pass (3)
Self verification pass (3)
Self verification pass (3)
Self verification pass (3)
Self verification pass (3)
Self verification pass (3)
Self verification pass (3)
Self verification pass (3)
Self verification pass (3)
Self verification pass (3)
Self verification pass (3)
Self verification pass (3)
Self verification pass (3)
Self verification pass (3)
Self verification pass (3)
Self verification pass (3)
Self verification pass (3)
Self verification pass (3)
Self verification pass (3)
Self verification pass (3)
Self verification pass (3)
Self verification pass (3)
Self verification pass (3)
Self verification pass (3)
Self verification pass (3)
Self verification pass (3)
Self verification pass (3)
Self verification pass (3)
Self verification pass (3)
Self verification pass (3)
Self verification pass (3)
Self verification pass (3)
Self verification pass (3)
Self verification pass (3)
Self verification pass (3)
Self verification pass (3)
Self verification pass (3)
Self verification pass (3)
Self verification pass (3)
Self verification pass (3)
Self verification pass (3)
Self verification pass (3)
Self verification pass (3)
Self verification pass (3)
Self verification pass (3)
Self verification pass (3)
Self verification pass (3)
Self verification pass (3)
Self verification pass (3)
Self verification pass (3)
Self verification pass (3)
Self verification pass (3)
Self verification pass (3)
Self verification pass (3)
Self verification pass (3)
Self verification pass (3)
Self verification pass (3)
Self verification pass (3)
Self verification pass (3)
Self verification pass (3)
Self verification pass (3)
Self verification pass (3)
Self verification pass (3)
Self verification pass (3)
Self verification pass (3)
Self verification pass (3)
Self verification pass (3)
Self verification pass (3)
Self verification pass (3)
Self verification pass (3)
Self verification pass (3)
Self verification pass (3)
Self verification pass (3)
Self verification pass (3)
Self verification pass (3)
Self verification pass (3)
Self verification pass (3)
Self verification pass (3)
Self verification pass (3)
Self verification pass (3)
Self verification pass (3)
Self verification pass (3)
Self verification pass (3)
Self verification pass (3)
Self verification pass (3)
Self verification pass (3)
Self verification pass (3)
Self verification pass (3)
Self verification pass (3)
Self verification pass (3)
Self verification pass (3)
Self verification pass (3)
Self verification pass (3)
Self verification pass (3)
Self verification pass (3)
Self verification pass (3)
Self verification pass (3)
Self verification pass (3)
Self verification pass (3)
Self verification pass (3)
Self verification pass (3)
Self verification pass (3)
Self verification pass (3)
Self verification pass (3)
Self verification pass (3)
Self verification pass (3)
Self verification pass (3)
Self verification pass (3)
Self verification pass (3)
Self verification pass (3)
Self verification pass (3)
Self verification pass (3)
Self verification pass (3)
Self verification pass (3)
Self verification pass (3)
Self verification pass (3)
Self verification pass (3)
Self verification pass (3)
Self verification pass (3)
Self verification pass (3)
Self verification pass (3)
Self verification pass (3)
Self verification pass (3)
Self verification pass (3)
Self verification pass (3)
Self verification pass (3)
Self verification pass (3)
Self verification pass (3)
Self verification pass (3)
Self verification pass (3)
Self verification pass (3)
Self verification pass (3)
Self verification pass (3)
Self verification pass (3)
Self verification pass (3)
Self verification pass (3)
Self verification pass (3)
Self verification pass (3)
Self verification pass (3)
Self verification pass (3)
Self verification pass (3)
Self verification pass (3)
Self verification pass (3)
Self verification pass (3)
Self verification pass (3)
Self verification pass (3)
Self verification pass (3)
Self verification pass (3)
Self verification pass (3)
Self verification pass (3)
Self verification pass (3)
Self verification pass (3)
Self verification pass (3)
Self verification pass (3)
Self verification pass (3)
Self verification pass (3)
Self verification pass (3)
Self verification pass (3)
Self verification pass (3)
Self verification pass (3)
Self verification pass (3)
Self verification pass (3)
Self verification pass (3)
Self verification pass (3)
Self verification pass (3)
Self verification pass (3)
Self verification pass (3)
Self verification pass (3)
Self verification pass (3)
Self verification pass (3)
Self verification pass (3)
Self verification pass (3)
Self verification pass (3)
Self verification pass (3)
Self verification pass (3)
Self verification pass (3)
Self verification pass (3)
Self verification pass (3)
Self verification pass (3)
Self verification pass (3)
Self verification pass (3)
Self verification pass (3)
Self verification pass (3)
Self verification pass (3)
Self verification pass (3)
Self verification pass (3)
Self verification pass (3)
Self verification pass (3)
Self verification pass (3)
Self verification pass (3)
Self verification pass (3)
Self verification pass (3)
Self verification pass (3)
Self verification pass (3)
Self verification pass (3)
Self verification pass (3)
Self verification pass (3)
Self verification pass (3)
Self verification pass (3)
Self verification pass (3)
Self verification pass (3)
Self verification pass (3)
Self verification pass (3)
Self verification pass (3)
Self verification pass (3)
Self verification pass (3)
Self verification pass (3)
Self verification pass (3)
Self verification pass (3)
Self verification pass (3)
Self verification pass (3)
Self verification pass (3)
Self verification pass (3)
Self verification pass (3)
Self verification pass (3)
Self verification pass (3)
Self verification pass (3)
Self verification pass (3)
Self verification pass (3)
Self verification pass (3)
Self verification pass (3)
Self verification pass (3)
Self verification pass (3)
Self verification pass (3)
Self verification pass (3)
Self verification pass (3)
Self verification pass (3)
Self verification pass (3)
Self verification pass (3)
Self verification pass (3)
Self verification pass (3)
Self verification pass (3)
Self verification pass (3)
Self verification pass (3)
Self verification pass (3)
Self verification pass (3)
Self verification pass (3)
Self verification pass (3)
Self verification pass (3)
Self verification pass (3)
Self verification pass (3)
Self verification pass (3)
Self verification pass (3)
Self verification pass (3)
Self verification pass (3)
Self verification pass (3)
Self verification pass (3)
Self verification pass (3)
Self verification pass (3)
Self verification pass (3)
Self verification pass (3)
Self verification pass (3)
Self verification pass (3)
Self verification pass (3)
Self verification pass (3)
Self verification pass (3)
Self verification pass (3)
Self verification pass (3)
Self verification pass (3)
Self verification pass (3)
Self verification pass (3)
Self verification pass (3)
Self verification pass (3)
Self verification pass (3)
Self verification pass (3)
Self verification pass (3)
Self verification pass (3)
Self verification pass (3)
Self verification pass (3)
Self verification pass (3)
Self verification pass (3)
Self verification pass (3)
Self verification pass (3)
Self verification pass (3)
Self verification pass (3)
Self verification pass (3)
Self verification pass (3)
Self verification pass (3)
Self verification pass (3)
Self verification pass (3)
Self verification pass (3)
Self verification pass (3)
Self verification pass (3)
Self verification pass (3)
Self verification pass (3)
Self verification pass (3)
Self verification pass (3)
Self verification pass (3)
Self verification pass (3)
Self verification pass (3)
Self verification pass (3)
Self verification pass (3)
Self verification pass (3)
Self verification pass (3)
Self verification pass (3)
Self verification pass (3)
Self verification pass (3)
Self verification pass (3)
Self verification pass (3)
Self verification pass (3)
Self verification pass (3)
Self verification pass (3)
Self verification pass (3)
Self verification pass (3)
Self verification pass (3)
Self verification pass (3)
Self verification pass (3)
Self verification pass (3)
Self verification pass (3)
Self verification pass (3)
Self verification pass (3)
Self verification pass (3)
Self verification pass (3)
Self verification pass (3)
Self verification pass (3)
Self verification pass (3)
Self verification pass (3)
Self verification pass (3)
Self verification pass (3)
Self verification pass (3)
Self verification pass (3)
Self verification pass (3)
Self verification pass (3)
Self verification pass (3)
Self verification pass (3)
Self verification pass (3)
Self verification pass (3)
Self verification pass (3)
Self verification pass (3)
Self verification pass (3)
Self verification pass (3)
Self verification pass (3)
Self verification pass (3)
Self verification pass (3)
Self verification pass (3)
Self verification pass (3)
Self verification pass (3)
Self verification pass (3)
Self verification pass (3)
Self verification pass (3)
Self verification pass (3)
Self verification pass (3)
Self verification pass (3)
Self verification pass (3)
Self verification pass (3)
Self verification pass (3)
Self verification pass (3)
Self verification pass (3)
Self verification pass (3)
Self verification pass (3)
Self verification pass (3)
Self verification pass (3)
Self verification pass (3)
Self verification pass (3)
Self verification pass (3)
Self verification pass (3)
Self verification pass (3)
Self verification pass (3)
Self verification pass (3)
Self verification pass (3)
Self verification pass (3)
Self verification pass (3)
Self verification pass (3)
Self verification pass (3)
Self verification pass (3)
Self verification pass (3)
Self verification pass (3)
3000/10000 done.
Self verification pass (3)
Self verification pass (3)
Self verification pass (3)
Self verification pass (3)
Self verification pass (3)
Self verification pass (3)
Self verification pass (3)
Self verification pass (3)
Self verification pass (3)
Self verification pass (3)
Self verification pass (3)
Self verification pass (3)
Self verification pass (3)
Self verification pass (3)
Self verification pass (3)
Self verification pass (3)
Self verification pass (3)
Self verification pass (3)
Self verification pass (3)
Self verification pass (3)
Self verification pass (3)
Self verification pass (3)
Self verification pass (3)
Self verification pass (3)
Self verification pass (3)
Self verification pass (3)
Self verification pass (3)
Self verification pass (3)
Self verification pass (3)
Self verification pass (3)
Self verification pass (3)
Self verification pass (3)
Self verification pass (3)
Self verification pass (3)
Self verification pass (3)
Self verification pass (3)
Self verification pass (3)
Self verification pass (3)
Self verification pass (3)
Self verification pass (3)
Self verification pass (3)
Self verification pass (3)
Self verification pass (3)
Self verification pass (3)
Self verification pass (3)
Self verification pass (3)
Self verification pass (3)
Self verification pass (3)
Self verification pass (3)
Self verification pass (3)
Self verification pass (3)
Self verification pass (3)
Self verification pass (3)
Self verification pass (3)
Self verification pass (3)
Self verification pass (3)
Self verification pass (3)
Self verification pass (3)
Self verification pass (3)
Self verification pass (3)
Self verification pass (3)
Self verification pass (3)
Self verification pass (3)
Self verification pass (3)
Self verification pass (3)
Self verification pass (3)
Self verification pass (3)
Self verification pass (3)
Self verification pass (3)
Self verification pass (3)
Self verification pass (3)
Self verification pass (3)
Self verification pass (3)
Self verification pass (3)
Self verification pass (3)
Self verification pass (3)
Self verification pass (3)
Self verification pass (3)
Self verification pass (3)
Self verification pass (3)
Self verification pass (3)
Self verification pass (3)
Self verification pass (3)
Self verification pass (3)
Self verification pass (3)
Self verification pass (3)
Self verification pass (3)
Self verification pass (3)
Self verification pass (3)
Self verification pass (3)
Self verification pass (3)
Self verification pass (3)
Self verification pass (3)
Self verification pass (3)
Self verification pass (3)
Self verification pass (3)
Self verification pass (3)
Self verification pass (3)
Self verification pass (3)
Self verification pass (3)
Self verification pass (3)
Self verification pass (3)
Self verification pass (3)
Self verification pass (3)
Self verification pass (3)
Self verification pass (3)
Self verification pass (3)
Self verification pass (3)
Self verification pass (3)
Self verification pass (3)
Self verification pass (3)
Self verification pass (3)
Self verification pass (3)
Self verification pass (3)
Self verification pass (3)
Self verification pass (3)
Self verification pass (3)
Self verification pass (3)
Self verification pass (3)
Self verification pass (3)
Self verification pass (3)
Self verification pass (3)
Self verification pass (3)
Self verification pass (3)
Self verification pass (3)
Self verification pass (3)
Self verification pass (3)
Self verification pass (3)
Self verification pass (3)
Self verification pass (3)
Self verification pass (3)
Self verification pass (3)
Self verification pass (3)
Self verification pass (3)
Self verification pass (3)
Self verification pass (3)
Self verification pass (3)
Self verification pass (3)
Self verification pass (3)
Self verification pass (3)
Self verification pass (3)
Self verification pass (3)
Self verification pass (3)
Self verification pass (3)
Self verification pass (3)
Self verification pass (3)
Self verification pass (3)
Self verification pass (3)
Self verification pass (3)
Self verification pass (3)
Self verification pass (3)
Self verification pass (3)
Self verification pass (3)
Self verification pass (3)
Self verification pass (3)
Self verification pass (3)
Self verification pass (3)
Self verification pass (3)
Self verification pass (3)
Self verification pass (3)
Self verification pass (3)
Self verification pass (3)
Self verification pass (3)
Self verification pass (3)
Self verification pass (3)
Self verification pass (3)
Self verification pass (3)
Self verification pass (3)
Self verification pass (3)
Self verification pass (3)
Self verification pass (3)
Self verification pass (3)
Self verification pass (3)
Self verification pass (3)
Self verification pass (3)
Self verification pass (3)
Self verification pass (3)
Self verification pass (3)
Self verification pass (3)
Self verification pass (3)
Self verification pass (3)
Self verification pass (3)
Self verification pass (3)
Self verification pass (3)
Self verification pass (3)
Self verification pass (3)
Self verification pass (3)
Self verification pass (3)
Self verification pass (3)
Self verification pass (3)
Self verification pass (3)
Self verification pass (3)
Self verification pass (3)
Self verification pass (3)
Self verification pass (3)
Self verification pass (3)
Self verification pass (3)
Self verification pass (3)
Self verification pass (3)
Self verification pass (3)
Self verification pass (3)
Self verification pass (3)
Self verification pass (3)
Self verification pass (3)
Self verification pass (3)
Self verification pass (3)
Self verification pass (3)
Self verification pass (3)
Self verification pass (3)
Self verification pass (3)
Self verification pass (3)
Self verification pass (3)
Self verification pass (3)
Self verification pass (3)
Self verification pass (3)
Self verification pass (3)
Self verification pass (3)
Self verification pass (3)
Self verification pass (3)
Self verification pass (3)
Self verification pass (3)
Self verification pass (3)
Self verification pass (3)
Self verification pass (3)
Self verification pass (3)
Self verification pass (3)
Self verification pass (3)
Self verification pass (3)
Self verification pass (3)
Self verification pass (3)
Self verification pass (3)
Self verification pass (3)
Self verification pass (3)
Self verification pass (3)
Self verification pass (3)
Self verification pass (3)
Self verification pass (3)
Self verification pass (3)
Self verification pass (3)
Self verification pass (3)
Self verification pass (3)
Self verification pass (3)
Self verification pass (3)
Self verification pass (3)
Self verification pass (3)
Self verification pass (3)
Self verification pass (3)
Self verification pass (3)
Self verification pass (3)
Self verification pass (3)
Self verification pass (3)
Self verification pass (3)
Self verification pass (3)
Self verification pass (3)
Self verification pass (3)
Self verification pass (3)
Self verification pass (3)
Self verification pass (3)
Self verification pass (3)
Self verification pass (3)
Self verification pass (3)
Self verification pass (3)
Self verification pass (3)
Self verification pass (3)
Self verification pass (3)
Self verification pass (3)
Self verification pass (3)
Self verification pass (3)
Self verification pass (3)
Self verification pass (3)
Self verification pass (3)
Self verification pass (3)
Self verification pass (3)
Self verification pass (3)
Self verification pass (3)
Self verification pass (3)
Self verification pass (3)
Self verification pass (3)
Self verification pass (3)
Self verification pass (3)
Self verification pass (3)
Self verification pass (3)
Self verification pass (3)
Self verification pass (3)
Self verification pass (3)
Self verification pass (3)
Self verification pass (3)
Self verification pass (3)
Self verification pass (3)
Self verification pass (3)
Self verification pass (3)
Self verification pass (3)
Self verification pass (3)
Self verification pass (3)
Self verification pass (3)
Self verification pass (3)
Self verification pass (3)
Self verification pass (3)
Self verification pass (3)
Self verification pass (3)
Self verification pass (3)
Self verification pass (3)
Self verification pass (3)
Self verification pass (3)
Self verification pass (3)
Self verification pass (3)
Self verification pass (3)
Self verification pass (3)
Self verification pass (3)
Self verification pass (3)
Self verification pass (3)
Self verification pass (3)
Self verification pass (3)
Self verification pass (3)
Self verification pass (3)
Self verification pass (3)
Self verification pass (3)
Self verification pass (3)
Self verification pass (3)
Self verification pass (3)
Self verification pass (3)
Self verification pass (3)
Self verification pass (3)
Self verification pass (3)
Self verification pass (3)
Self verification pass (3)
Self verification pass (3)
Self verification pass (3)
Self verification pass (3)
Self verification pass (3)
Self verification pass (3)
Self verification pass (3)
Self verification pass (3)
Self verification pass (3)
Self verification pass (3)
Self verification pass (3)
Self verification pass (3)
Self verification pass (3)
Self verification pass (3)
Self verification pass (3)
Self verification pass (3)
Self verification pass (3)
Self verification pass (3)
Self verification pass (3)
Self verification pass (3)
Self verification pass (3)
Self verification pass (3)
Self verification pass (3)
Self verification pass (3)
Self verification pass (3)
Self verification pass (3)
Self verification pass (3)
Self verification pass (3)
Self verification pass (3)
Self verification pass (3)
Self verification pass (3)
Self verification pass (3)
Self verification pass (3)
Self verification pass (3)
Self verification pass (3)
Self verification pass (3)
Self verification pass (3)
Self verification pass (3)
Self verification pass (3)
Self verification pass (3)
Self verification pass (3)
Self verification pass (3)
Self verification pass (3)
Self verification pass (3)
Self verification pass (3)
Self verification pass (3)
Self verification pass (3)
Self verification pass (3)
Self verification pass (3)
Self verification pass (3)
Self verification pass (3)
Self verification pass (3)
Self verification pass (3)
Self verification pass (3)
Self verification pass (3)
Self verification pass (3)
Self verification pass (3)
Self verification pass (3)
Self verification pass (3)
Self verification pass (3)
Self verification pass (3)
Self verification pass (3)
Self verification pass (3)
Self verification pass (3)
Self verification pass (3)
Self verification pass (3)
Self verification pass (3)
Self verification pass (3)
Self verification pass (3)
Self verification pass (3)
Self verification pass (3)
Self verification pass (3)
Self verification pass (3)
Self verification pass (3)
Self verification pass (3)
Self verification pass (3)
Self verification pass (3)
Self verification pass (3)
Self verification pass (3)
Self verification pass (3)
Self verification pass (3)
Self verification pass (3)
Self verification pass (3)
Self verification pass (3)
Self verification pass (3)
Self verification pass (3)
Self verification pass (3)
Self verification pass (3)
Self verification pass (3)
Self verification pass (3)
Self verification pass (3)
Self verification pass (3)
Self verification pass (3)
Self verification pass (3)
Self verification pass (3)
Self verification pass (3)
Self verification pass (3)
Self verification pass (3)
Self verification pass (3)
Self verification pass (3)
Self verification pass (3)
Self verification pass (3)
Self verification pass (3)
Self verification pass (3)
Self verification pass (3)
Self verification pass (3)
Self verification pass (3)
Self verification pass (3)
Self verification pass (3)
Self verification pass (3)
Self verification pass (3)
Self verification pass (3)
Self verification pass (3)
Self verification pass (3)
Self verification pass (3)
Self verification pass (3)
Self verification pass (3)
Self verification pass (3)
Self verification pass (3)
Self verification pass (3)
Self verification pass (3)
Self verification pass (3)
Self verification pass (3)
Self verification pass (3)
Self verification pass (3)
Self verification pass (3)
Self verification pass (3)
Self verification pass (3)
Self verification pass (3)
Self verification pass (3)
Self verification pass (3)
Self verification pass (3)
Self verification pass (3)
Self verification pass (3)
Self verification pass (3)
Self verification pass (3)
Self verification pass (3)
Self verification pass (3)
Self verification pass (3)
Self verification pass (3)
Self verification pass (3)
Self verification pass (3)
Self verification pass (3)
Self verification pass (3)
Self verification pass (3)
Self verification pass (3)
Self verification pass (3)
Self verification pass (3)
Self verification pass (3)
Self verification pass (3)
4000/10000 done.
Self verification pass (3)
Self verification pass (3)
Self verification pass (3)
Self verification pass (3)
Self verification pass (3)
Self verification pass (3)
Self verification pass (3)
Self verification pass (3)
Self verification pass (3)
Self verification pass (3)
Self verification pass (3)
Self verification pass (3)
Self verification pass (3)
Self verification pass (3)
Self verification pass (3)
Self verification pass (3)
Self verification pass (3)
Self verification pass (3)
Self verification pass (3)
Self verification pass (3)
Self verification pass (3)
Self verification pass (3)
Self verification pass (3)
Self verification pass (3)
Self verification pass (3)
Self verification pass (3)
Self verification pass (3)
Self verification pass (3)
Self verification pass (3)
Self verification pass (3)
Self verification pass (3)
Self verification pass (3)
Self verification pass (3)
Self verification pass (3)
Self verification pass (3)
Self verification pass (3)
Self verification pass (3)
Self verification pass (3)
Self verification pass (3)
Self verification pass (3)
Self verification pass (3)
Self verification pass (3)
Self verification pass (3)
Self verification pass (3)
Self verification pass (3)
Self verification pass (3)
Self verification pass (3)
Self verification pass (3)
Self verification pass (3)
Self verification pass (3)
Self verification pass (3)
Self verification pass (3)
Self verification pass (3)
Self verification pass (3)
Self verification pass (3)
Self verification pass (3)
Self verification pass (3)
Self verification pass (3)
Self verification pass (3)
Self verification pass (3)
Self verification pass (3)
Self verification pass (3)
Self verification pass (3)
Self verification pass (3)
Self verification pass (3)
Self verification pass (3)
Self verification pass (3)
Self verification pass (3)
Self verification pass (3)
Self verification pass (3)
Self verification pass (3)
Self verification pass (3)
Self verification pass (3)
Self verification pass (3)
Self verification pass (3)
Self verification pass (3)
Self verification pass (3)
Self verification pass (3)
Self verification pass (3)
Self verification pass (3)
Self verification pass (3)
Self verification pass (3)
Self verification pass (3)
Self verification pass (3)
Self verification pass (3)
Self verification pass (3)
Self verification pass (3)
Self verification pass (3)
Self verification pass (3)
Self verification pass (3)
Self verification pass (3)
Self verification pass (3)
Self verification pass (3)
Self verification pass (3)
Self verification pass (3)
Self verification pass (3)
Self verification pass (3)
Self verification pass (3)
Self verification pass (3)
Self verification pass (3)
Self verification pass (3)
Self verification pass (3)
Self verification pass (3)
Self verification pass (3)
Self verification pass (3)
Self verification pass (3)
Self verification pass (3)
Self verification pass (3)
Self verification pass (3)
Self verification pass (3)
Self verification pass (3)
Self verification pass (3)
Self verification pass (3)
Self verification pass (3)
Self verification pass (3)
Self verification pass (3)
Self verification pass (3)
Self verification pass (3)
Self verification pass (3)
Self verification pass (3)
Self verification pass (3)
Self verification pass (3)
Self verification pass (3)
Self verification pass (3)
Self verification pass (3)
Self verification pass (3)
Self verification pass (3)
Self verification pass (3)
Self verification pass (3)
Self verification pass (3)
Self verification pass (3)
Self verification pass (3)
Self verification pass (3)
Self verification pass (3)
Self verification pass (3)
Self verification pass (3)
Self verification pass (3)
Self verification pass (3)
Self verification pass (3)
Self verification pass (3)
Self verification pass (3)
Self verification pass (3)
Self verification pass (3)
Self verification pass (3)
Self verification pass (3)
Self verification pass (3)
Self verification pass (3)
Self verification pass (3)
Self verification pass (3)
Self verification pass (3)
Self verification pass (3)
Self verification pass (3)
Self verification pass (3)
Self verification pass (3)
Self verification pass (3)
Self verification pass (3)
Self verification pass (3)
Self verification pass (3)
Self verification pass (3)
Self verification pass (3)
Self verification pass (3)
Self verification pass (3)
Self verification pass (3)
Self verification pass (3)
Self verification pass (3)
Self verification pass (3)
Self verification pass (3)
Self verification pass (3)
Self verification pass (3)
Self verification pass (3)
Self verification pass (3)
Self verification pass (3)
Self verification pass (3)
Self verification pass (3)
Self verification pass (3)
Self verification pass (3)
Self verification pass (3)
Self verification pass (3)
Self verification pass (3)
Self verification pass (3)
Self verification pass (3)
Self verification pass (3)
Self verification pass (3)
Self verification pass (3)
Self verification pass (3)
Self verification pass (3)
Self verification pass (3)
Self verification pass (3)
Self verification pass (3)
Self verification pass (3)
Self verification pass (3)
Self verification pass (3)
Self verification pass (3)
Self verification pass (3)
Self verification pass (3)
Self verification pass (3)
Self verification pass (3)
Self verification pass (3)
Self verification pass (3)
Self verification pass (3)
Self verification pass (3)
Self verification pass (3)
Self verification pass (3)
Self verification pass (3)
Self verification pass (3)
Self verification pass (3)
Self verification pass (3)
Self verification pass (3)
Self verification pass (3)
Self verification pass (3)
Self verification pass (3)
Self verification pass (3)
Self verification pass (3)
Self verification pass (3)
Self verification pass (3)
Self verification pass (3)
Self verification pass (3)
Self verification pass (3)
Self verification pass (3)
Self verification pass (3)
Self verification pass (3)
Self verification pass (3)
Self verification pass (3)
Self verification pass (3)
Self verification pass (3)
Self verification pass (3)
Self verification pass (3)
Self verification pass (3)
Self verification pass (3)
Self verification pass (3)
Self verification pass (3)
Self verification pass (3)
Self verification pass (3)
Self verification pass (3)
Self verification pass (3)
Self verification pass (3)
Self verification pass (3)
Self verification pass (3)
Self verification pass (3)
Self verification pass (3)
Self verification pass (3)
Self verification pass (3)
Self verification pass (3)
Self verification pass (3)
Self verification pass (3)
Self verification pass (3)
Self verification pass (3)
Self verification pass (3)
Self verification pass (3)
Self verification pass (3)
Self verification pass (3)
Self verification pass (3)
Self verification pass (3)
Self verification pass (3)
Self verification pass (3)
Self verification pass (3)
Self verification pass (3)
Self verification pass (3)
Self verification pass (3)
Self verification pass (3)
Self verification pass (3)
Self verification pass (3)
Self verification pass (3)
Self verification pass (3)
Self verification pass (3)
Self verification pass (3)
Self verification pass (3)
Self verification pass (3)
Self verification pass (3)
Self verification pass (3)
Self verification pass (3)
Self verification pass (3)
Self verification pass (3)
Self verification pass (3)
Self verification pass (3)
Self verification pass (3)
Self verification pass (3)
Self verification pass (3)
Self verification pass (3)
Self verification pass (3)
Self verification pass (3)
Self verification pass (3)
Self verification pass (3)
Self verification pass (3)
Self verification pass (3)
Self verification pass (3)
Self verification pass (3)
Self verification pass (3)
Self verification pass (3)
Self verification pass (3)
Self verification pass (3)
Self verification pass (3)
Self verification pass (3)
Self verification pass (3)
Self verification pass (3)
Self verification pass (3)
Self verification pass (3)
Self verification pass (3)
Self verification pass (3)
Self verification pass (3)
Self verification pass (3)
Self verification pass (3)
Self verification pass (3)
Self verification pass (3)
Self verification pass (3)
Self verification pass (3)
Self verification pass (3)
Self verification pass (3)
Self verification pass (3)
Self verification pass (3)
Self verification pass (3)
Self verification pass (3)
Self verification pass (3)
Self verification pass (3)
Self verification pass (3)
Self verification pass (3)
Self verification pass (3)
Self verification pass (3)
Self verification pass (3)
Self verification pass (3)
Self verification pass (3)
Self verification pass (3)
Self verification pass (3)
Self verification pass (3)
Self verification pass (3)
Self verification pass (3)
Self verification pass (3)
Self verification pass (3)
Self verification pass (3)
Self verification pass (3)
Self verification pass (3)
Self verification pass (3)
Self verification pass (3)
Self verification pass (3)
Self verification pass (3)
Self verification pass (3)
Self verification pass (3)
Self verification pass (3)
Self verification pass (3)
Self verification pass (3)
Self verification pass (3)
Self verification pass (3)
Self verification pass (3)
Self verification pass (3)
Self verification pass (3)
Self verification pass (3)
Self verification pass (3)
Self verification pass (3)
Self verification pass (3)
Self verification pass (3)
Self verification pass (3)
Self verification pass (3)
Self verification pass (3)
Self verification pass (3)
Self verification pass (3)
Self verification pass (3)
Self verification pass (3)
Self verification pass (3)
Self verification pass (3)
Self verification pass (3)
Self verification pass (3)
Self verification pass (3)
Self verification pass (3)
Self verification pass (3)
Self verification pass (3)
Self verification pass (3)
Self verification pass (3)
Self verification pass (3)
Self verification pass (3)
Self verification pass (3)
Self verification pass (3)
Self verification pass (3)
Self verification pass (3)
Self verification pass (3)
Self verification pass (3)
Self verification pass (3)
Self verification pass (3)
Self verification pass (3)
Self verification pass (3)
Self verification pass (3)
Self verification pass (3)
Self verification pass (3)
Self verification pass (3)
Self verification pass (3)
Self verification pass (3)
Self verification pass (3)
Self verification pass (3)
Self verification pass (3)
Self verification pass (3)
Self verification pass (3)
Self verification pass (3)
Self verification pass (3)
Self verification pass (3)
Self verification pass (3)
Self verification pass (3)
Self verification pass (3)
Self verification pass (3)
Self verification pass (3)
Self verification pass (3)
Self verification pass (3)
Self verification pass (3)
Self verification pass (3)
Self verification pass (3)
Self verification pass (3)
Self verification pass (3)
Self verification pass (3)
Self verification pass (3)
Self verification pass (3)
Self verification pass (3)
Self verification pass (3)
Self verification pass (3)
Self verification pass (3)
Self verification pass (3)
Self verification pass (3)
Self verification pass (3)
Self verification pass (3)
Self verification pass (3)
Self verification pass (3)
Self verification pass (3)
Self verification pass (3)
Self verification pass (3)
Self verification pass (3)
Self verification pass (3)
Self verification pass (3)
Self verification pass (3)
Self verification pass (3)
Self verification pass (3)
Self verification pass (3)
Self verification pass (3)
Self verification pass (3)
Self verification pass (3)
Self verification pass (3)
Self verification pass (3)
Self verification pass (3)
Self verification pass (3)
Self verification pass (3)
Self verification pass (3)
Self verification pass (3)
Self verification pass (3)
Self verification pass (3)
Self verification pass (3)
Self verification pass (3)
Self verification pass (3)
Self verification pass (3)
Self verification pass (3)
Self verification pass (3)
Self verification pass (3)
Self verification pass (3)
Self verification pass (3)
Self verification pass (3)
Self verification pass (3)
Self verification pass (3)
Self verification pass (3)
Self verification pass (3)
Self verification pass (3)
Self verification pass (3)
Self verification pass (3)
Self verification pass (3)
Self verification pass (3)
Self verification pass (3)
Self verification pass (3)
Self verification pass (3)
Self verification pass (3)
Self verification pass (3)
Self verification pass (3)
Self verification pass (3)
Self verification pass (3)
Self verification pass (3)
Self verification pass (3)
Self verification pass (3)
Self verification pass (3)
Self verification pass (3)
Self verification pass (3)
Self verification pass (3)
Self verification pass (3)
Self verification pass (3)
Self verification pass (3)
Self verification pass (3)
Self verification pass (3)
Self verification pass (3)
Self verification pass (3)
Self verification pass (3)
Self verification pass (3)
Self verification pass (3)
Self verification pass (3)
Self verification pass (3)
Self verification pass (3)
Self verification pass (3)
Self verification pass (3)
Self verification pass (3)
Self verification pass (3)
Self verification pass (3)
Self verification pass (3)
Self verification pass (3)
Self verification pass (3)
Self verification pass (3)
Self verification pass (3)
Self verification pass (3)
Self verification pass (3)
Self verification pass (3)
Self verification pass (3)
Self verification pass (3)
5000/10000 done.
Self verification pass (3)
Self verification pass (3)
Self verification pass (3)
Self verification pass (3)
Self verification pass (3)
Self verification pass (3)
Self verification pass (3)
Self verification pass (3)
Self verification pass (3)
Self verification pass (3)
Self verification pass (3)
Self verification pass (3)
Self verification pass (3)
Self verification pass (3)
Self verification pass (3)
Self verification pass (3)
Self verification pass (3)
Self verification pass (3)
Self verification pass (3)
Self verification pass (3)
Self verification pass (3)
Self verification pass (3)
Self verification pass (3)
Self verification pass (3)
Self verification pass (3)
Self verification pass (3)
Self verification pass (3)
Self verification pass (3)
Self verification pass (3)
Self verification pass (3)
Self verification pass (3)
Self verification pass (3)
Self verification pass (3)
Self verification pass (3)
Self verification pass (3)
Self verification pass (3)
Self verification pass (3)
Self verification pass (3)
Self verification pass (3)
Self verification pass (3)
Self verification pass (3)
Self verification pass (3)
Self verification pass (3)
Self verification pass (3)
Self verification pass (3)
Self verification pass (3)
Self verification pass (3)
Self verification pass (3)
Self verification pass (3)
Self verification pass (3)
Self verification pass (3)
Self verification pass (3)
Self verification pass (3)
Self verification pass (3)
Self verification pass (3)
Self verification pass (3)
Self verification pass (3)
Self verification pass (3)
Self verification pass (3)
Self verification pass (3)
Self verification pass (3)
Self verification pass (3)
Self verification pass (3)
Self verification pass (3)
Self verification pass (3)
Self verification pass (3)
Self verification pass (3)
Self verification pass (3)
Self verification pass (3)
Self verification pass (3)
Self verification pass (3)
Self verification pass (3)
Self verification pass (3)
Self verification pass (3)
Self verification pass (3)
Self verification pass (3)
Self verification pass (3)
Self verification pass (3)
Self verification pass (3)
Self verification pass (3)
Self verification pass (3)
Self verification pass (3)
Self verification pass (3)
Self verification pass (3)
Self verification pass (3)
Self verification pass (3)
Self verification pass (3)
Self verification pass (3)
Self verification pass (3)
Self verification pass (3)
Self verification pass (3)
Self verification pass (3)
Self verification pass (3)
Self verification pass (3)
Self verification pass (3)
Self verification pass (3)
Self verification pass (3)
Self verification pass (3)
Self verification pass (3)
Self verification pass (3)
Self verification pass (3)
Self verification pass (3)
Self verification pass (3)
Self verification pass (3)
Self verification pass (3)
Self verification pass (3)
Self verification pass (3)
Self verification pass (3)
Self verification pass (3)
Self verification pass (3)
Self verification pass (3)
Self verification pass (3)
Self verification pass (3)
Self verification pass (3)
Self verification pass (3)
Self verification pass (3)
Self verification pass (3)
Self verification pass (3)
Self verification pass (3)
Self verification pass (3)
Self verification pass (3)
Self verification pass (3)
Self verification pass (3)
Self verification pass (3)
Self verification pass (3)
Self verification pass (3)
Self verification pass (3)
Self verification pass (3)
Self verification pass (3)
Self verification pass (3)
Self verification pass (3)
Self verification pass (3)
Self verification pass (3)
Self verification pass (3)
Self verification pass (3)
Self verification pass (3)
Self verification pass (3)
Self verification pass (3)
Self verification pass (3)
Self verification pass (3)
Self verification pass (3)
Self verification pass (3)
Self verification pass (3)
Self verification pass (3)
Self verification pass (3)
Self verification pass (3)
Self verification pass (3)
Self verification pass (3)
Self verification pass (3)
Self verification pass (3)
Self verification pass (3)
Self verification pass (3)
Self verification pass (3)
Self verification pass (3)
Self verification pass (3)
Self verification pass (3)
Self verification pass (3)
Self verification pass (3)
Self verification pass (3)
Self verification pass (3)
Self verification pass (3)
Self verification pass (3)
Self verification pass (3)
Self verification pass (3)
Self verification pass (3)
Self verification pass (3)
Self verification pass (3)
Self verification pass (3)
Self verification pass (3)
Self verification pass (3)
Self verification pass (3)
Self verification pass (3)
Self verification pass (3)
Self verification pass (3)
Self verification pass (3)
Self verification pass (3)
Self verification pass (3)
Self verification pass (3)
Self verification pass (3)
Self verification pass (3)
Self verification pass (3)
Self verification pass (3)
Self verification pass (3)
Self verification pass (3)
Self verification pass (3)
Self verification pass (3)
Self verification pass (3)
Self verification pass (3)
Self verification pass (3)
Self verification pass (3)
Self verification pass (3)
Self verification pass (3)
Self verification pass (3)
Self verification pass (3)
Self verification pass (3)
Self verification pass (3)
Self verification pass (3)
Self verification pass (3)
Self verification pass (3)
Self verification pass (3)
Self verification pass (3)
Self verification pass (3)
Self verification pass (3)
Self verification pass (3)
Self verification pass (3)
Self verification pass (3)
Self verification pass (3)
Self verification pass (3)
Self verification pass (3)
Self verification pass (3)
Self verification pass (3)
Self verification pass (3)
Self verification pass (3)
Self verification pass (3)
Self verification pass (3)
Self verification pass (3)
Self verification pass (3)
Self verification pass (3)
Self verification pass (3)
Self verification pass (3)
Self verification pass (3)
Self verification pass (3)
Self verification pass (3)
Self verification pass (3)
Self verification pass (3)
Self verification pass (3)
Self verification pass (3)
Self verification pass (3)
Self verification pass (3)
Self verification pass (3)
Self verification pass (3)
Self verification pass (3)
Self verification pass (3)
Self verification pass (3)
Self verification pass (3)
Self verification pass (3)
Self verification pass (3)
Self verification pass (3)
Self verification pass (3)
Self verification pass (3)
Self verification pass (3)
Self verification pass (3)
Self verification pass (3)
Self verification pass (3)
Self verification pass (3)
Self verification pass (3)
Self verification pass (3)
Self verification pass (3)
Self verification pass (3)
Self verification pass (3)
Self verification pass (3)
Self verification pass (3)
Self verification pass (3)
Self verification pass (3)
Self verification pass (3)
Self verification pass (3)
Self verification pass (3)
Self verification pass (3)
Self verification pass (3)
Self verification pass (3)
Self verification pass (3)
Self verification pass (3)
Self verification pass (3)
Self verification pass (3)
Self verification pass (3)
Self verification pass (3)
Self verification pass (3)
Self verification pass (3)
Self verification pass (3)
Self verification pass (3)
Self verification pass (3)
Self verification pass (3)
Self verification pass (3)
Self verification pass (3)
Self verification pass (3)
Self verification pass (3)
Self verification pass (3)
Self verification pass (3)
Self verification pass (3)
Self verification pass (3)
Self verification pass (3)
Self verification pass (3)
Self verification pass (3)
Self verification pass (3)
Self verification pass (3)
Self verification pass (3)
Self verification pass (3)
Self verification pass (3)
Self verification pass (3)
Self verification pass (3)
Self verification pass (3)
Self verification pass (3)
Self verification pass (3)
Self verification pass (3)
Self verification pass (3)
Self verification pass (3)
Self verification pass (3)
Self verification pass (3)
Self verification pass (3)
Self verification pass (3)
Self verification pass (3)
Self verification pass (3)
Self verification pass (3)
Self verification pass (3)
Self verification pass (3)
Self verification pass (3)
Self verification pass (3)
Self verification pass (3)
Self verification pass (3)
Self verification pass (3)
Self verification pass (3)
Self verification pass (3)
Self verification pass (3)
Self verification pass (3)
Self verification pass (3)
Self verification pass (3)
Self verification pass (3)
Self verification pass (3)
Self verification pass (3)
Self verification pass (3)
Self verification pass (3)
Self verification pass (3)
Self verification pass (3)
Self verification pass (3)
Self verification pass (3)
Self verification pass (3)
Self verification pass (3)
Self verification pass (3)
Self verification pass (3)
Self verification pass (3)
Self verification pass (3)
Self verification pass (3)
Self verification pass (3)
Self verification pass (3)
Self verification pass (3)
Self verification pass (3)
Self verification pass (3)
Self verification pass (3)
Self verification pass (3)
Self verification pass (3)
Self verification pass (3)
Self verification pass (3)
Self verification pass (3)
Self verification pass (3)
Self verification pass (3)
Self verification pass (3)
Self verification pass (3)
Self verification pass (3)
Self verification pass (3)
Self verification pass (3)
Self verification pass (3)
Self verification pass (3)
Self verification pass (3)
Self verification pass (3)
Self verification pass (3)
Self verification pass (3)
Self verification pass (3)
Self verification pass (3)
Self verification pass (3)
Self verification pass (3)
Self verification pass (3)
Self verification pass (3)
Self verification pass (3)
Self verification pass (3)
Self verification pass (3)
Self verification pass (3)
Self verification pass (3)
Self verification pass (3)
Self verification pass (3)
Self verification pass (3)
Self verification pass (3)
Self verification pass (3)
Self verification pass (3)
Self verification pass (3)
Self verification pass (3)
Self verification pass (3)
Self verification pass (3)
Self verification pass (3)
Self verification pass (3)
Self verification pass (3)
Self verification pass (3)
Self verification pass (3)
Self verification pass (3)
Self verification pass (3)
Self verification pass (3)
Self verification pass (3)
Self verification pass (3)
Self verification pass (3)
Self verification pass (3)
Self verification pass (3)
Self verification pass (3)
Self verification pass (3)
Self verification pass (3)
Self verification pass (3)
Self verification pass (3)
Self verification pass (3)
Self verification pass (3)
Self verification pass (3)
Self verification pass (3)
Self verification pass (3)
Self verification pass (3)
Self verification pass (3)
Self verification pass (3)
Self verification pass (3)
Self verification pass (3)
Self verification pass (3)
Self verification pass (3)
Self verification pass (3)
Self verification pass (3)
Self verification pass (3)
Self verification pass (3)
Self verification pass (3)
Self verification pass (3)
Self verification pass (3)
Self verification pass (3)
Self verification pass (3)
Self verification pass (3)
Self verification pass (3)
Self verification pass (3)
Self verification pass (3)
Self verification pass (3)
Self verification pass (3)
Self verification pass (3)
Self verification pass (3)
Self verification pass (3)
Self verification pass (3)
Self verification pass (3)
Self verification pass (3)
Self verification pass (3)
Self verification pass (3)
Self verification pass (3)
Self verification pass (3)
Self verification pass (3)
Self verification pass (3)
Self verification pass (3)
Self verification pass (3)
Self verification pass (3)
Self verification pass (3)
Self verification pass (3)
Self verification pass (3)
Self verification pass (3)
Self verification pass (3)
Self verification pass (3)
Self verification pass (3)
Self verification pass (3)
Self verification pass (3)
Self verification pass (3)
Self verification pass (3)
Self verification pass (3)
Self verification pass (3)
Self verification pass (3)
Self verification pass (3)
Self verification pass (3)
6000/10000 done.
Self verification pass (3)
Self verification pass (3)
Self verification pass (3)
Self verification pass (3)
Self verification pass (3)
Self verification pass (3)
Self verification pass (3)
Self verification pass (3)
Self verification pass (3)
Self verification pass (3)
Self verification pass (3)
Self verification pass (3)
Self verification pass (3)
Self verification pass (3)
Self verification pass (3)
Self verification pass (3)
Self verification pass (3)
Self verification pass (3)
Self verification pass (3)
Self verification pass (3)
Self verification pass (3)
Self verification pass (3)
Self verification pass (3)
Self verification pass (3)
Self verification pass (3)
Self verification pass (3)
Self verification pass (3)
Self verification pass (3)
Self verification pass (3)
Self verification pass (3)
Self verification pass (3)
Self verification pass (3)
Self verification pass (3)
Self verification pass (3)
Self verification pass (3)
Self verification pass (3)
Self verification pass (3)
Self verification pass (3)
Self verification pass (3)
Self verification pass (3)
Self verification pass (3)
Self verification pass (3)
Self verification pass (3)
Self verification pass (3)
Self verification pass (3)
Self verification pass (3)
Self verification pass (3)
Self verification pass (3)
Self verification pass (3)
Self verification pass (3)
Self verification pass (3)
Self verification pass (3)
Self verification pass (3)
Self verification pass (3)
Self verification pass (3)
Self verification pass (3)
Self verification pass (3)
Self verification pass (3)
Self verification pass (3)
Self verification pass (3)
Self verification pass (3)
Self verification pass (3)
Self verification pass (3)
Self verification pass (3)
Self verification pass (3)
Self verification pass (3)
Self verification pass (3)
Self verification pass (3)
Self verification pass (3)
Self verification pass (3)
Self verification pass (3)
Self verification pass (3)
Self verification pass (3)
Self verification pass (3)
Self verification pass (3)
Self verification pass (3)
Self verification pass (3)
Self verification pass (3)
Self verification pass (3)
Self verification pass (3)
Self verification pass (3)
Self verification pass (3)
Self verification pass (3)
Self verification pass (3)
Self verification pass (3)
Self verification pass (3)
Self verification pass (3)
Self verification pass (3)
Self verification pass (3)
Self verification pass (3)
Self verification pass (3)
Self verification pass (3)
Self verification pass (3)
Self verification pass (3)
Self verification pass (3)
Self verification pass (3)
Self verification pass (3)
Self verification pass (3)
Self verification pass (3)
Self verification pass (3)
Self verification pass (3)
Self verification pass (3)
Self verification pass (3)
Self verification pass (3)
Self verification pass (3)
Self verification pass (3)
Self verification pass (3)
Self verification pass (3)
Self verification pass (3)
Self verification pass (3)
Self verification pass (3)
Self verification pass (3)
Self verification pass (3)
Self verification pass (3)
Self verification pass (3)
Self verification pass (3)
Self verification pass (3)
Self verification pass (3)
Self verification pass (3)
Self verification pass (3)
Self verification pass (3)
Self verification pass (3)
Self verification pass (3)
Self verification pass (3)
Self verification pass (3)
Self verification pass (3)
Self verification pass (3)
Self verification pass (3)
Self verification pass (3)
Self verification pass (3)
Self verification pass (3)
Self verification pass (3)
Self verification pass (3)
Self verification pass (3)
Self verification pass (3)
Self verification pass (3)
Self verification pass (3)
Self verification pass (3)
Self verification pass (3)
Self verification pass (3)
Self verification pass (3)
Self verification pass (3)
Self verification pass (3)
Self verification pass (3)
Self verification pass (3)
Self verification pass (3)
Self verification pass (3)
Self verification pass (3)
Self verification pass (3)
Self verification pass (3)
Self verification pass (3)
Self verification pass (3)
Self verification pass (3)
Self verification pass (3)
Self verification pass (3)
Self verification pass (3)
Self verification pass (3)
Self verification pass (3)
Self verification pass (3)
Self verification pass (3)
Self verification pass (3)
Self verification pass (3)
Self verification pass (3)
Self verification pass (3)
Self verification pass (3)
Self verification pass (3)
Self verification pass (3)
Self verification pass (3)
Self verification pass (3)
Self verification pass (3)
Self verification pass (3)
Self verification pass (3)
Self verification pass (3)
Self verification pass (3)
Self verification pass (3)
Self verification pass (3)
Self verification pass (3)
Self verification pass (3)
Self verification pass (3)
Self verification pass (3)
Self verification pass (3)
Self verification pass (3)
Self verification pass (3)
Self verification pass (3)
Self verification pass (3)
Self verification pass (3)
Self verification pass (3)
Self verification pass (3)
Self verification pass (3)
Self verification pass (3)
Self verification pass (3)
Self verification pass (3)
Self verification pass (3)
Self verification pass (3)
Self verification pass (3)
Self verification pass (3)
Self verification pass (3)
Self verification pass (3)
Self verification pass (3)
Self verification pass (3)
Self verification pass (3)
Self verification pass (3)
Self verification pass (3)
Self verification pass (3)
Self verification pass (3)
Self verification pass (3)
Self verification pass (3)
Self verification pass (3)
Self verification pass (3)
Self verification pass (3)
Self verification pass (3)
Self verification pass (3)
Self verification pass (3)
Self verification pass (3)
Self verification pass (3)
Self verification pass (3)
Self verification pass (3)
Self verification pass (3)
Self verification pass (3)
Self verification pass (3)
Self verification pass (3)
Self verification pass (3)
Self verification pass (3)
Self verification pass (3)
Self verification pass (3)
Self verification pass (3)
Self verification pass (3)
Self verification pass (3)
Self verification pass (3)
Self verification pass (3)
Self verification pass (3)
Self verification pass (3)
Self verification pass (3)
Self verification pass (3)
Self verification pass (3)
Self verification pass (3)
Self verification pass (3)
Self verification pass (3)
Self verification pass (3)
Self verification pass (3)
Self verification pass (3)
Self verification pass (3)
Self verification pass (3)
Self verification pass (3)
Self verification pass (3)
Self verification pass (3)
Self verification pass (3)
Self verification pass (3)
Self verification pass (3)
Self verification pass (3)
Self verification pass (3)
Self verification pass (3)
Self verification pass (3)
Self verification pass (3)
Self verification pass (3)
Self verification pass (3)
Self verification pass (3)
Self verification pass (3)
Self verification pass (3)
Self verification pass (3)
Self verification pass (3)
Self verification pass (3)
Self verification pass (3)
Self verification pass (3)
Self verification pass (3)
Self verification pass (3)
Self verification pass (3)
Self verification pass (3)
Self verification pass (3)
Self verification pass (3)
Self verification pass (3)
Self verification failed (3)
584.000000
1304.000000
1102.000000
1537.000000
1654.000000
1504.000000
1594.000000
1582.000000
1578.000000
1475.000000
1564.000000
1558.000000
1577.000000
1625.000000
1546.000000
1496.000000
1520.000000
1500.000000
1570.000000
1574.000000
1621.000000
1595.000000
613.000000
1269.000000
1329.000000
1674.000000
1518.000000
1473.000000
1660.000000
1440.000000
1610.000000
1695.000000
1622.000000
1603.000000
1471.000000
1689.000000
1569.000000
1632.000000
1588.000000
1519.000000
1570.000000
1610.000000
1581.000000
1419.000000
675.000000
1297.000000
1234.000000
1495.000000
1506.000000
1738.000000
1618.000000
1626.000000
1666.000000
1444.000000
1607.000000
1448.000000
1595.000000
1389.000000
1512.000000
1571.000000
1562.000000
1602.000000
1606.000000
1559.000000
1550.000000
1513.000000
594.000000
1235.000000
1381.000000
1571.000000
1583.000000
1581.000000
1537.000000
1610.000000
1318.000000
1493.000000
1597.000000
1680.000000
1528.000000
1558.000000
1623.000000
1610.000000
1610.000000
1555.000000
1705.000000
1673.000000
1600.000000
1739.000000
524.000000
1390.000000
1164.000000
1548.000000
1591.000000
1583.000000
1498.000000
1545.000000
1811.000000
1615.000000
1635.000000
1599.000000
1509.000000
1552.000000
1689.000000
1427.000000
1684.000000
1589.000000
1498.000000
1701.000000
1608.000000
1511.000000
608.000000
1194.000000
1077.000000
1494.000000
1552.000000
1649.000000
1537.000000
1579.000000
1625.000000
1685.000000
1593.000000
1617.000000
1537.000000
1545.000000
1585.000000
1480.000000
1446.000000
1645.000000
1351.000000
1594.000000
1502.000000
1614.000000
683.000000
1324.000000
1229.000000
1473.000000
1492.000000
1623.000000
1452.000000
1499.000000
1635.000000
1540.000000
1466.000000
1690.000000
1498.000000
1665.000000
1514.000000
1493.000000
1576.000000
1625.000000
1621.000000
1641.000000
1514.000000
1495.000000
670.000000
1174.000000
1189.000000
1549.000000
1499.000000
1525.000000
1639.000000
1576.000000
1470.000000
1561.000000
1700.000000
1622.000000
1558.000000
1612.000000
1570.000000
1504.000000
1616.000000
1750.000000
1535.000000
1551.000000
1441.000000
1663.000000
605.000000
1171.000000
1422.000000
1577.000000
1469.000000
1619.000000
1611.000000
1565.000000
1676.000000
1662.000000
1612.000000
1555.000000
1674.000000
1613.000000
1713.000000
1602.000000
1572.000000
1540.000000
1508.000000
1567.000000
1604.000000
1449.000000
609.000000
1254.000000
1319.000000
1644.000000
1619.000000
1480.000000
1550.000000
1605.000000
1727.000000
1449.000000
1419.000000
1590.000000
1513.000000
1550.000000
1431.000000
1581.000000
1554.000000
1576.000000
1588.000000
1676.000000
1592.000000
1601.000000
555.000000
1302.000000
1357.000000
1637.000000
1634.000000
1457.000000
1629.000000
1528.000000
1494.000000
1614.000000
1588.000000
1536.000000
1496.000000
1610.000000
1647.000000
1548.000000
1525.000000
1611.000000
1517.000000
1573.000000
1535.000000
1542.000000
650.000000
1164.000000
1315.000000
1601.000000
1561.000000
1509.000000
1611.000000
1506.000000
1656.000000
1616.000000
1559.000000
1466.000000
1580.000000
1639.000000
1647.000000
1561.000000
1464.000000
1532.000000
1432.000000
1556.000000
1519.000000
1554.000000
702.000000
1142.000000
1163.000000
1464.000000
1542.000000
1509.000000
1585.000000
1582.000000
1623.000000
1525.000000
1631.000000
1558.000000
1635.000000
1483.000000
1662.000000
1549.000000
1606.000000
1550.000000
1566.000000
1621.000000
1508.000000
1510.000000
679.000000
1280.000000
1243.000000
1537.000000
1543.000000
1476.000000
1581.000000
1607.000000
1526.000000
1527.000000
1523.000000
1650.000000
1504.000000
1665.000000
1483.000000
1595.000000
1508.000000
1694.000000
1597.000000
1689.000000
1653.000000
1404.000000
645.000000
1295.000000
1196.000000
1682.000000
1673.000000
1553.000000
1648.000000
1507.000000
1637.000000
1597.000000
1672.000000
1487.000000
1384.000000
1778.000000
1468.000000
1580.000000
1516.000000
1597.000000
1470.000000
1635.000000
1476.000000
1490.000000
549.000000
1366.000000
1237.000000
1507.000000
1638.000000
1546.000000
1524.000000
1585.000000
1438.000000
1444.000000
1435.000000
1447.000000
1533.000000
1496.000000
1493.000000
1576.000000
1548.000000
1661.000000
1570.000000
1557.000000
1663.000000
1592.000000
564.000000
1293.000000
1235.000000
1566.000000
1583.000000
1557.000000
1542.000000
1560.000000
1523.000000
1597.000000
1562.000000
1545.000000
1532.000000
1572.000000
1500.000000
1488.000000
1570.000000
1595.000000
1765.000000
1428.000000
1654.000000
1614.000000
562.000000
1269.000000
1300.000000
1494.000000
1658.000000
1558.000000
1472.000000
1533.000000
1739.000000
1493.000000
1462.000000
1532.000000
1607.000000
1645.000000
1581.000000
1432.000000
1606.000000
1609.000000
1644.000000
1398.000000
1606.000000
1513.000000
550.000000
1359.000000
1467.000000
1521.000000
1587.000000
1596.000000
1501.000000
1556.000000
1626.000000
1499.000000
1607.000000
1502.000000
1522.000000
1521.000000
1486.000000
1565.000000
1691.000000
1657.000000
1553.000000
1394.000000
1450.000000
1541.000000
679.000000
1148.000000
1135.000000
1559.000000
1559.000000
1693.000000
1499.000000
1604.000000
1592.000000
1450.000000
1604.000000
1484.000000
1713.000000
1663.000000
1633.000000
1537.000000
1509.000000
1653.000000
1523.000000
1558.000000
1543.000000
1716.000000
636.000000
1272.000000
1167.000000
1735.000000
1673.000000
1570.000000
1692.000000
1658.000000
1488.000000
1536.000000
1504.000000
1626.000000
1649.000000
1604.000000
1534.000000
1609.000000
1529.000000
1516.000000
1579.000000
1667.000000
1707.000000
1411.000000
569.000000
1347.000000
1387.000000
1545.000000
1540.000000
1542.000000
1505.000000
1621.000000
1539.000000
1581.000000
1534.000000
1587.000000
1480.000000
1568.000000
1530.000000
1413.000000
1614.000000
1626.000000
1617.000000
1528.000000
1509.000000
1713.000000
575.000000
1346.000000
1188.000000
1529.000000
1610.000000
1639.000000
1606.000000
1569.000000
1628.000000
1606.000000
1553.000000
1490.000000
1571.000000
1466.000000
1441.000000
1612.000000
1647.000000
1595.000000
1626.000000
1655.000000
1503.000000
1641.000000
755.000000
1258.000000
1139.000000
1511.000000
1416.000000
1584.000000
1785.000000
1610.000000
1584.000000
1554.000000
1580.000000
1678.000000
1546.000000
1648.000000
1498.000000
1616.000000
1638.000000
1635.000000
1451.000000
1553.000000
1523.000000
1648.000000
610.000000
1173.000000
1328.000000
1507.000000
1537.000000
1524.000000
1536.000000
1522.000000
1577.000000
1563.000000
1606.000000
1501.000000
1557.000000
1709.000000
1611.000000
1498.000000
1661.000000
1610.000000
1528.000000
1594.000000
1534.000000
1631.000000
692.000000
1226.000000
1238.000000
1595.000000
1545.000000
1519.000000
1503.000000
1519.000000
1478.000000
1410.000000
1370.000000
1652.000000
1610.000000
1563.000000
1580.000000
1629.000000
1593.000000
1612.000000
1670.000000
1464.000000
1504.000000
1560.000000
651.000000
1346.000000
1168.000000
1646.000000
1503.000000
1606.000000
1524.000000
1568.000000
1538.000000
1509.000000
1525.000000
1424.000000
1533.000000
1653.000000
1599.000000
1573.000000
1587.000000
1504.000000
1663.000000
1442.000000
1581.000000
1669.000000
565.000000
1340.000000
1194.000000
1631.000000
1627.000000
1538.000000
1520.000000
1595.000000
1500.000000
1690.000000
1723.000000
1612.000000
1634.000000
1544.000000
1600.000000
1585.000000
1782.000000
1530.000000
1509.000000
1618.000000
1646.000000
1506.000000
686.000000
1302.000000
1201.000000
1555.000000
1603.000000
1610.000000
1441.000000
1481.000000
1534.000000
1527.000000
1497.000000
1509.000000
1458.000000
1612.000000
1513.000000
1556.000000
1555.000000
1489.000000
1585.000000
1649.000000
1578.000000
1639.000000
669.000000
1254.000000
1207.000000
1634.000000
1627.000000
1553.000000
1584.000000
1565.000000
1510.000000
1491.000000
1546.000000
1492.000000
1607.000000
1438.000000
1640.000000
1604.000000
1557.000000
1662.000000
1559.000000
1415.000000
1622.000000
1620.000000
524.000000
1387.000000
1404.000000
1570.000000
1647.000000
1634.000000
1450.000000
1579.000000
1487.000000
1528.000000
1558.000000
1564.000000
1575.000000
1554.000000
1514.000000
1637.000000
1585.000000
1732.000000
1579.000000
1481.000000
1577.000000
1578.000000
579.000000
1302.000000
1247.000000
1626.000000
1494.000000
1625.000000
1503.000000
1579.000000
1585.000000
1645.000000
1568.000000
1644.000000
1531.000000
1512.000000
1684.000000
1626.000000
1660.000000
1658.000000
1642.000000
1652.000000
1553.000000
1533.000000
